2025-07-24 13:43:47.554 [info] [main] Log level: Info
2025-07-24 13:43:47.554 [info] [main] Validating found git in: "git"
2025-07-24 13:43:47.554 [info] [main] Using git "2.50.1" from "git"
2025-07-24 13:43:47.554 [info] [Model][doInitialScan] Initial repository scan started
2025-07-24 13:43:47.554 [info] [Model][doInitialScan] Initial repository scan completed - repositories (0), closed repositories (0), parent repositories (0), unsafe repositories (0)
2025-07-24 13:45:04.686 [info] [main] Log level: Info
2025-07-24 13:45:04.686 [info] [main] Validating found git in: "git"
2025-07-24 13:45:04.686 [info] [main] Using git "2.50.1" from "git"
2025-07-24 13:45:04.686 [info] [Model][doInitialScan] Initial repository scan started
2025-07-24 13:45:04.686 [info] > git rev-parse --show-toplevel [7ms]
2025-07-24 13:45:04.690 [info] [Model][doInitialScan] Initial repository scan completed - repositories (0), closed repositories (0), parent repositories (1), unsafe repositories (0)
2025-07-24 13:45:16.935 [info] > git rev-parse --show-toplevel [2ms]
2025-07-24 13:45:16.948 [info] > git rev-parse --git-dir --git-common-dir [2ms]
2025-07-24 13:45:16.974 [info] [Model][openRepository] Opened repository (path): /home/khalyl/.config
2025-07-24 13:45:16.974 [info] [Model][openRepository] Opened repository (real path): /home/khalyl/.config
2025-07-24 13:45:16.989 [info] > git config --get commit.template [5ms]
2025-07-24 13:45:17.077 [info] > git for-each-ref --format=%(refname)%00%(upstream:short)%00%(objectname)%00%(upstream:track)%00%(upstream:remotename)%00%(upstream:remoteref) refs/heads/main refs/remotes/main [78ms]
2025-07-24 13:45:17.101 [info] > git status -z -uall [13ms]
2025-07-24 13:45:17.104 [info] > git for-each-ref --sort -committerdate --format %(refname)%00%(objectname)%00%(*objectname) [5ms]
2025-07-24 13:45:17.147 [info] > git for-each-ref --format=%(refname)%00%(upstream:short)%00%(objectname)%00%(upstream:track)%00%(upstream:remotename)%00%(upstream:remoteref) refs/heads/main refs/remotes/main [12ms]
2025-07-24 13:45:17.158 [info] > git config --get --local branch.main.vscode-merge-base [4ms]
2025-07-24 13:45:17.158 [warning] [Git][config] git config failed: Failed to execute git
2025-07-24 13:45:17.165 [info] > git config --get commit.template [18ms]
2025-07-24 13:45:17.172 [info] > git reflog main --grep-reflog=branch: Created from *. [7ms]
2025-07-24 13:45:17.176 [info] > git for-each-ref --format=%(refname)%00%(upstream:short)%00%(objectname)%00%(upstream:track)%00%(upstream:remotename)%00%(upstream:remoteref) refs/heads/main refs/remotes/main [5ms]
2025-07-24 13:45:17.177 [info] > git symbolic-ref --short refs/remotes/origin/HEAD [1ms]
2025-07-24 13:45:17.193 [info] > git status -z -uall [6ms]
2025-07-24 13:45:17.195 [info] > git for-each-ref --format=%(refname)%00%(upstream:short)%00%(objectname)%00%(upstream:track)%00%(upstream:remotename)%00%(upstream:remoteref) refs/heads/origin/main refs/remotes/origin/main [13ms]
2025-07-24 13:45:17.203 [info] > git for-each-ref --sort -committerdate --format %(refname)%00%(objectname)%00%(*objectname) [11ms]
2025-07-24 13:45:17.208 [info] > git config --add --local branch.main.vscode-merge-base origin/main [6ms]
2025-07-24 13:45:17.221 [info] > git config --get commit.template [6ms]
2025-07-24 13:45:17.224 [info] > git for-each-ref --format=%(refname)%00%(upstream:short)%00%(objectname)%00%(upstream:track)%00%(upstream:remotename)%00%(upstream:remoteref) refs/heads/main refs/remotes/main [4ms]
2025-07-24 13:45:17.238 [info] > git status -z -uall [7ms]
2025-07-24 13:45:17.240 [info] > git for-each-ref --sort -committerdate --format %(refname)%00%(objectname)%00%(*objectname) [3ms]
2025-07-24 13:45:17.254 [info] > git merge-base refs/heads/main refs/remotes/origin/main [6ms]
2025-07-24 13:45:17.261 [info] > git diff --name-status -z --diff-filter=ADMR 47f0fb1107964d242736689fef314f190602f551...refs/remotes/origin/main [3ms]
2025-07-24 13:45:17.262 [info] > git merge-base refs/heads/main refs/remotes/origin/main [9ms]
2025-07-24 13:45:17.272 [info] > git diff --name-status -z --diff-filter=ADMR 47f0fb1107964d242736689fef314f190602f551...refs/remotes/origin/main [3ms]
2025-07-24 13:45:17.512 [info] > git check-ignore -v -z --stdin [2ms]
2025-07-24 13:45:18.399 [info] > git config --get commit.template [6ms]
2025-07-24 13:45:18.400 [info] > git for-each-ref --format=%(refname)%00%(upstream:short)%00%(objectname)%00%(upstream:track)%00%(upstream:remotename)%00%(upstream:remoteref) refs/heads/main refs/remotes/main [2ms]
2025-07-24 13:45:18.413 [info] > git status -z -uall [8ms]
2025-07-24 13:45:18.415 [info] > git for-each-ref --sort -committerdate --format %(refname)%00%(objectname)%00%(*objectname) [3ms]
2025-07-24 13:45:23.435 [info] > git config --get commit.template [6ms]
2025-07-24 13:45:23.437 [info] > git for-each-ref --format=%(refname)%00%(upstream:short)%00%(objectname)%00%(upstream:track)%00%(upstream:remotename)%00%(upstream:remoteref) refs/heads/main refs/remotes/main [2ms]
2025-07-24 13:45:23.450 [info] > git status -z -uall [6ms]
2025-07-24 13:45:23.454 [info] > git for-each-ref --sort -committerdate --format %(refname)%00%(objectname)%00%(*objectname) [4ms]
2025-07-24 13:45:28.483 [info] > git config --get commit.template [8ms]
2025-07-24 13:45:28.484 [info] > git for-each-ref --format=%(refname)%00%(upstream:short)%00%(objectname)%00%(upstream:track)%00%(upstream:remotename)%00%(upstream:remoteref) refs/heads/main refs/remotes/main [3ms]
2025-07-24 13:45:28.502 [info] > git status -z -uall [10ms]
2025-07-24 13:45:28.505 [info] > git for-each-ref --sort -committerdate --format %(refname)%00%(objectname)%00%(*objectname) [4ms]
2025-07-24 13:45:43.224 [info] > git config --get commit.template [8ms]
2025-07-24 13:45:43.225 [info] > git for-each-ref --format=%(refname)%00%(upstream:short)%00%(objectname)%00%(upstream:track)%00%(upstream:remotename)%00%(upstream:remoteref) refs/heads/main refs/remotes/main [2ms]
2025-07-24 13:45:43.237 [info] > git status -z -uall [7ms]
2025-07-24 13:45:43.240 [info] > git for-each-ref --sort -committerdate --format %(refname)%00%(objectname)%00%(*objectname) [4ms]
2025-07-24 13:45:48.254 [info] > git config --get commit.template [1ms]
2025-07-24 13:45:48.264 [info] > git for-each-ref --format=%(refname)%00%(upstream:short)%00%(objectname)%00%(upstream:track)%00%(upstream:remotename)%00%(upstream:remoteref) refs/heads/main refs/remotes/main [2ms]
2025-07-24 13:45:48.282 [info] > git status -z -uall [10ms]
2025-07-24 13:45:48.284 [info] > git for-each-ref --sort -committerdate --format %(refname)%00%(objectname)%00%(*objectname) [3ms]
2025-07-24 13:45:53.305 [info] > git config --get commit.template [1ms]
2025-07-24 13:45:53.315 [info] > git for-each-ref --format=%(refname)%00%(upstream:short)%00%(objectname)%00%(upstream:track)%00%(upstream:remotename)%00%(upstream:remoteref) refs/heads/main refs/remotes/main [2ms]
2025-07-24 13:45:53.329 [info] > git status -z -uall [7ms]
2025-07-24 13:45:53.331 [info] > git for-each-ref --sort -committerdate --format %(refname)%00%(objectname)%00%(*objectname) [3ms]
2025-07-24 13:45:58.350 [info] > git config --get commit.template [2ms]
2025-07-24 13:45:58.362 [info] > git for-each-ref --format=%(refname)%00%(upstream:short)%00%(objectname)%00%(upstream:track)%00%(upstream:remotename)%00%(upstream:remoteref) refs/heads/main refs/remotes/main [3ms]
2025-07-24 13:45:58.382 [info] > git status -z -uall [11ms]
2025-07-24 13:45:58.385 [info] > git for-each-ref --sort -committerdate --format %(refname)%00%(objectname)%00%(*objectname) [4ms]
2025-07-24 13:46:03.409 [info] > git config --get commit.template [2ms]
2025-07-24 13:46:03.418 [info] > git for-each-ref --format=%(refname)%00%(upstream:short)%00%(objectname)%00%(upstream:track)%00%(upstream:remotename)%00%(upstream:remoteref) refs/heads/main refs/remotes/main [2ms]
2025-07-24 13:46:03.435 [info] > git status -z -uall [10ms]
2025-07-24 13:46:03.437 [info] > git for-each-ref --sort -committerdate --format %(refname)%00%(objectname)%00%(*objectname) [3ms]
2025-07-24 13:46:08.473 [info] > git config --get commit.template [13ms]
2025-07-24 13:46:08.474 [info] > git for-each-ref --format=%(refname)%00%(upstream:short)%00%(objectname)%00%(upstream:track)%00%(upstream:remotename)%00%(upstream:remoteref) refs/heads/main refs/remotes/main [2ms]
2025-07-24 13:46:08.497 [info] > git status -z -uall [10ms]
2025-07-24 13:46:08.499 [info] > git for-each-ref --sort -committerdate --format %(refname)%00%(objectname)%00%(*objectname) [3ms]
2025-07-24 13:46:15.641 [info] > git config --get commit.template [15ms]
2025-07-24 13:46:15.643 [info] > git for-each-ref --format=%(refname)%00%(upstream:short)%00%(objectname)%00%(upstream:track)%00%(upstream:remotename)%00%(upstream:remoteref) refs/heads/main refs/remotes/main [4ms]
2025-07-24 13:46:15.660 [info] > git status -z -uall [9ms]
2025-07-24 13:46:15.663 [info] > git for-each-ref --sort -committerdate --format %(refname)%00%(objectname)%00%(*objectname) [3ms]
2025-07-24 13:47:08.931 [info] > git config --get commit.template [16ms]
2025-07-24 13:47:08.933 [info] > git for-each-ref --format=%(refname)%00%(upstream:short)%00%(objectname)%00%(upstream:track)%00%(upstream:remotename)%00%(upstream:remoteref) refs/heads/main refs/remotes/main [4ms]
2025-07-24 13:47:08.958 [info] > git status -z -uall [13ms]
2025-07-24 13:47:08.960 [info] > git for-each-ref --sort -committerdate --format %(refname)%00%(objectname)%00%(*objectname) [3ms]
2025-07-24 13:47:13.988 [info] > git config --get commit.template [9ms]
2025-07-24 13:47:13.989 [info] > git for-each-ref --format=%(refname)%00%(upstream:short)%00%(objectname)%00%(upstream:track)%00%(upstream:remotename)%00%(upstream:remoteref) refs/heads/main refs/remotes/main [2ms]
2025-07-24 13:47:14.008 [info] > git status -z -uall [10ms]
2025-07-24 13:47:14.011 [info] > git for-each-ref --sort -committerdate --format %(refname)%00%(objectname)%00%(*objectname) [4ms]
2025-07-24 13:47:16.120 [info] > git show --textconv :quickshell/shell.qml [10ms]
2025-07-24 13:47:16.122 [info] > git ls-files --stage -- quickshell/shell.qml [3ms]
2025-07-24 13:47:16.131 [info] > git cat-file -s cd9c1bb6feb1453bb5ff285d9a334e2ed38c2bb9 [2ms]
2025-07-24 13:47:19.026 [info] > git config --get commit.template [1ms]
2025-07-24 13:47:19.036 [info] > git for-each-ref --format=%(refname)%00%(upstream:short)%00%(objectname)%00%(upstream:track)%00%(upstream:remotename)%00%(upstream:remoteref) refs/heads/main refs/remotes/main [2ms]
2025-07-24 13:47:19.048 [info] > git status -z -uall [7ms]
2025-07-24 13:47:19.052 [info] > git for-each-ref --sort -committerdate --format %(refname)%00%(objectname)%00%(*objectname) [4ms]
2025-07-24 13:47:20.237 [info] > git show --textconv :quickshell/shell.qml [9ms]
2025-07-24 13:47:20.238 [info] > git ls-files --stage -- quickshell/shell.qml [3ms]
2025-07-24 13:47:20.248 [info] > git cat-file -s cd9c1bb6feb1453bb5ff285d9a334e2ed38c2bb9 [3ms]
2025-07-24 13:47:27.898 [info] > git config --get commit.template [2ms]
2025-07-24 13:47:27.913 [info] > git for-each-ref --format=%(refname)%00%(upstream:short)%00%(objectname)%00%(upstream:track)%00%(upstream:remotename)%00%(upstream:remoteref) refs/heads/main refs/remotes/main [3ms]
2025-07-24 13:47:27.931 [info] > git status -z -uall [10ms]
2025-07-24 13:47:27.934 [info] > git for-each-ref --sort -committerdate --format %(refname)%00%(objectname)%00%(*objectname) [4ms]
2025-07-24 13:47:44.170 [info] > git config --get commit.template [11ms]
2025-07-24 13:47:44.171 [info] > git for-each-ref --format=%(refname)%00%(upstream:short)%00%(objectname)%00%(upstream:track)%00%(upstream:remotename)%00%(upstream:remoteref) refs/heads/main refs/remotes/main [2ms]
2025-07-24 13:47:44.188 [info] > git status -z -uall [9ms]
2025-07-24 13:47:44.189 [info] > git for-each-ref --sort -committerdate --format %(refname)%00%(objectname)%00%(*objectname) [2ms]
2025-07-24 13:47:49.204 [info] > git config --get commit.template [2ms]
2025-07-24 13:47:49.215 [info] > git for-each-ref --format=%(refname)%00%(upstream:short)%00%(objectname)%00%(upstream:track)%00%(upstream:remotename)%00%(upstream:remoteref) refs/heads/main refs/remotes/main [3ms]
2025-07-24 13:47:49.231 [info] > git status -z -uall [8ms]
2025-07-24 13:47:49.233 [info] > git for-each-ref --sort -committerdate --format %(refname)%00%(objectname)%00%(*objectname) [3ms]
2025-07-24 13:48:02.660 [info] > git config --get commit.template [2ms]
2025-07-24 13:48:02.704 [info] > git for-each-ref --format=%(refname)%00%(upstream:short)%00%(objectname)%00%(upstream:track)%00%(upstream:remotename)%00%(upstream:remoteref) refs/heads/main refs/remotes/main [4ms]
2025-07-24 13:48:02.738 [info] > git status -z -uall [19ms]
2025-07-24 13:48:02.741 [info] > git for-each-ref --sort -committerdate --format %(refname)%00%(objectname)%00%(*objectname) [4ms]
2025-07-24 13:48:06.503 [info] > git config --get commit.template [1ms]
2025-07-24 13:48:06.538 [info] > git for-each-ref --format=%(refname)%00%(upstream:short)%00%(objectname)%00%(upstream:track)%00%(upstream:remotename)%00%(upstream:remoteref) refs/heads/main refs/remotes/main [3ms]
2025-07-24 13:48:06.578 [info] > git status -z -uall [21ms]
2025-07-24 13:48:06.580 [info] > git for-each-ref --sort -committerdate --format %(refname)%00%(objectname)%00%(*objectname) [3ms]
2025-07-24 13:48:11.641 [info] > git config --get commit.template [23ms]
2025-07-24 13:48:11.641 [info] > git for-each-ref --format=%(refname)%00%(upstream:short)%00%(objectname)%00%(upstream:track)%00%(upstream:remotename)%00%(upstream:remoteref) refs/heads/main refs/remotes/main [1ms]
2025-07-24 13:48:11.690 [info] > git status -z -uall [22ms]
2025-07-24 13:48:11.692 [info] > git for-each-ref --sort -committerdate --format %(refname)%00%(objectname)%00%(*objectname) [4ms]
2025-07-24 13:48:16.744 [info] > git config --get commit.template [21ms]
2025-07-24 13:48:16.746 [info] > git for-each-ref --format=%(refname)%00%(upstream:short)%00%(objectname)%00%(upstream:track)%00%(upstream:remotename)%00%(upstream:remoteref) refs/heads/main refs/remotes/main [3ms]
2025-07-24 13:48:16.784 [info] > git status -z -uall [20ms]
2025-07-24 13:48:16.786 [info] > git for-each-ref --sort -committerdate --format %(refname)%00%(objectname)%00%(*objectname) [3ms]
2025-07-24 13:48:21.826 [info] > git config --get commit.template [19ms]
2025-07-24 13:48:21.828 [info] > git for-each-ref --format=%(refname)%00%(upstream:short)%00%(objectname)%00%(upstream:track)%00%(upstream:remotename)%00%(upstream:remoteref) refs/heads/main refs/remotes/main [3ms]
2025-07-24 13:48:21.886 [info] > git status -z -uall [26ms]
2025-07-24 13:48:21.889 [info] > git for-each-ref --sort -committerdate --format %(refname)%00%(objectname)%00%(*objectname) [5ms]
2025-07-24 13:48:26.929 [info] > git config --get commit.template [2ms]
2025-07-24 13:48:26.961 [info] > git for-each-ref --format=%(refname)%00%(upstream:short)%00%(objectname)%00%(upstream:track)%00%(upstream:remotename)%00%(upstream:remoteref) refs/heads/main refs/remotes/main [3ms]
2025-07-24 13:48:27.018 [info] > git status -z -uall [29ms]
2025-07-24 13:48:27.021 [info] > git for-each-ref --sort -committerdate --format %(refname)%00%(objectname)%00%(*objectname) [4ms]
2025-07-24 13:48:32.082 [info] > git config --get commit.template [29ms]
2025-07-24 13:48:32.083 [info] > git for-each-ref --format=%(refname)%00%(upstream:short)%00%(objectname)%00%(upstream:track)%00%(upstream:remotename)%00%(upstream:remoteref) refs/heads/main refs/remotes/main [3ms]
2025-07-24 13:48:32.145 [info] > git status -z -uall [31ms]
2025-07-24 13:48:32.146 [info] > git for-each-ref --sort -committerdate --format %(refname)%00%(objectname)%00%(*objectname) [2ms]
2025-07-24 13:48:41.038 [info] > git config --get commit.template [1ms]
2025-07-24 13:48:41.060 [info] > git for-each-ref --format=%(refname)%00%(upstream:short)%00%(objectname)%00%(upstream:track)%00%(upstream:remotename)%00%(upstream:remoteref) refs/heads/main refs/remotes/main [2ms]
2025-07-24 13:48:41.101 [info] > git status -z -uall [20ms]
2025-07-24 13:48:41.103 [info] > git for-each-ref --sort -committerdate --format %(refname)%00%(objectname)%00%(*objectname) [3ms]
2025-07-24 13:48:44.928 [info] > git log --format=%H%n%aN%n%aE%n%at%n%ct%n%P%n%D%n%B -z -n32 -- /home/khalyl/.config/quickshell/shell.qml [31ms]
2025-07-24 13:48:44.930 [info] > git log --format=%H%n%aN%n%aE%n%at%n%ct%n%P%n%D%n%B -z -n32 -- /home/khalyl/.config/quickshell/Clock.qml [53ms]
2025-07-24 13:48:44.930 [info] > git log --format=%H%n%aN%n%aE%n%at%n%ct%n%P%n%D%n%B -z -n32 -- /home/khalyl/.config/quickshell/Time.qml [85ms]
2025-07-24 13:48:44.944 [info] > git log --format=%H%n%aN%n%aE%n%at%n%ct%n%P%n%D%n%B -z -n32 -- /home/khalyl/.config/quickshell/Bar.qml [18ms]
2025-07-24 13:48:44.973 [info] > git diff --name-status -z --diff-filter=ADMR 165df4fc6341bee6840009d69b5151081abfe462...e0c84c89c202cf51b08dc4a724581c62536ab34d [2ms]
2025-07-24 13:48:45.063 [info] > git diff --name-status -z --diff-filter=ADMR 639dcce8092e506f0cc11ac49fa5214309a15aed...165df4fc6341bee6840009d69b5151081abfe462 [2ms]
2025-07-24 13:48:45.097 [info] > git diff --name-status -z --diff-filter=ADMR 9cb12eb3eae563dbb47037841935eab09bcdf681...639dcce8092e506f0cc11ac49fa5214309a15aed [3ms]
2025-07-24 13:48:46.140 [info] > git config --get commit.template [1ms]
2025-07-24 13:48:46.161 [info] > git for-each-ref --format=%(refname)%00%(upstream:short)%00%(objectname)%00%(upstream:track)%00%(upstream:remotename)%00%(upstream:remoteref) refs/heads/main refs/remotes/main [3ms]
2025-07-24 13:48:46.207 [info] > git status -z -uall [29ms]
2025-07-24 13:48:46.208 [info] > git for-each-ref --sort -committerdate --format %(refname)%00%(objectname)%00%(*objectname) [3ms]
2025-07-24 13:48:51.267 [info] > git config --get commit.template [23ms]
2025-07-24 13:48:51.268 [info] > git for-each-ref --format=%(refname)%00%(upstream:short)%00%(objectname)%00%(upstream:track)%00%(upstream:remotename)%00%(upstream:remoteref) refs/heads/main refs/remotes/main [3ms]
2025-07-24 13:48:51.329 [info] > git status -z -uall [32ms]
2025-07-24 13:48:51.331 [info] > git for-each-ref --sort -committerdate --format %(refname)%00%(objectname)%00%(*objectname) [4ms]
2025-07-24 13:48:56.369 [info] > git config --get commit.template [2ms]
2025-07-24 13:48:56.397 [info] > git for-each-ref --format=%(refname)%00%(upstream:short)%00%(objectname)%00%(upstream:track)%00%(upstream:remotename)%00%(upstream:remoteref) refs/heads/main refs/remotes/main [2ms]
2025-07-24 13:48:56.457 [info] > git status -z -uall [30ms]
2025-07-24 13:48:56.462 [info] > git for-each-ref --sort -committerdate --format %(refname)%00%(objectname)%00%(*objectname) [7ms]
2025-07-24 13:49:12.246 [info] > git config --get commit.template [2ms]
2025-07-24 13:49:12.271 [info] > git for-each-ref --format=%(refname)%00%(upstream:short)%00%(objectname)%00%(upstream:track)%00%(upstream:remotename)%00%(upstream:remoteref) refs/heads/main refs/remotes/main [2ms]
2025-07-24 13:49:12.306 [info] > git status -z -uall [15ms]
2025-07-24 13:49:12.307 [info] > git for-each-ref --sort -committerdate --format %(refname)%00%(objectname)%00%(*objectname) [2ms]
2025-07-24 13:49:17.343 [info] > git config --get commit.template [1ms]
2025-07-24 13:49:17.372 [info] > git for-each-ref --format=%(refname)%00%(upstream:short)%00%(objectname)%00%(upstream:track)%00%(upstream:remotename)%00%(upstream:remoteref) refs/heads/main refs/remotes/main [3ms]
2025-07-24 13:49:17.425 [info] > git status -z -uall [27ms]
2025-07-24 13:49:17.428 [info] > git for-each-ref --sort -committerdate --format %(refname)%00%(objectname)%00%(*objectname) [4ms]
2025-07-24 13:49:22.464 [info] > git config --get commit.template [2ms]
2025-07-24 13:49:22.492 [info] > git for-each-ref --format=%(refname)%00%(upstream:short)%00%(objectname)%00%(upstream:track)%00%(upstream:remotename)%00%(upstream:remoteref) refs/heads/main refs/remotes/main [2ms]
2025-07-24 13:49:22.546 [info] > git status -z -uall [29ms]
2025-07-24 13:49:22.549 [info] > git for-each-ref --sort -committerdate --format %(refname)%00%(objectname)%00%(*objectname) [4ms]
2025-07-24 13:49:27.623 [info] > git config --get commit.template [33ms]
2025-07-24 13:49:27.625 [info] > git for-each-ref --format=%(refname)%00%(upstream:short)%00%(objectname)%00%(upstream:track)%00%(upstream:remotename)%00%(upstream:remoteref) refs/heads/main refs/remotes/main [3ms]
2025-07-24 13:49:27.671 [info] > git status -z -uall [20ms]
2025-07-24 13:49:27.673 [info] > git for-each-ref --sort -committerdate --format %(refname)%00%(objectname)%00%(*objectname) [4ms]
2025-07-24 13:49:32.708 [info] > git config --get commit.template [2ms]
2025-07-24 13:49:32.738 [info] > git for-each-ref --format=%(refname)%00%(upstream:short)%00%(objectname)%00%(upstream:track)%00%(upstream:remotename)%00%(upstream:remoteref) refs/heads/main refs/remotes/main [3ms]
2025-07-24 13:49:32.792 [info] > git status -z -uall [27ms]
2025-07-24 13:49:32.796 [info] > git for-each-ref --sort -committerdate --format %(refname)%00%(objectname)%00%(*objectname) [5ms]
2025-07-24 13:49:37.837 [info] > git config --get commit.template [2ms]
2025-07-24 13:49:37.865 [info] > git for-each-ref --format=%(refname)%00%(upstream:short)%00%(objectname)%00%(upstream:track)%00%(upstream:remotename)%00%(upstream:remoteref) refs/heads/main refs/remotes/main [2ms]
2025-07-24 13:49:37.926 [info] > git status -z -uall [30ms]
2025-07-24 13:49:37.929 [info] > git for-each-ref --sort -committerdate --format %(refname)%00%(objectname)%00%(*objectname) [4ms]
2025-07-24 13:49:42.966 [info] > git config --get commit.template [1ms]
2025-07-24 13:49:42.993 [info] > git for-each-ref --format=%(refname)%00%(upstream:short)%00%(objectname)%00%(upstream:track)%00%(upstream:remotename)%00%(upstream:remoteref) refs/heads/main refs/remotes/main [2ms]
2025-07-24 13:49:43.048 [info] > git status -z -uall [27ms]
2025-07-24 13:49:43.050 [info] > git for-each-ref --sort -committerdate --format %(refname)%00%(objectname)%00%(*objectname) [3ms]
2025-07-24 13:49:49.229 [info] > git config --get commit.template [2ms]
2025-07-24 13:49:49.253 [info] > git for-each-ref --format=%(refname)%00%(upstream:short)%00%(objectname)%00%(upstream:track)%00%(upstream:remotename)%00%(upstream:remoteref) refs/heads/main refs/remotes/main [2ms]
2025-07-24 13:49:49.304 [info] > git status -z -uall [26ms]
2025-07-24 13:49:49.307 [info] > git for-each-ref --sort -committerdate --format %(refname)%00%(objectname)%00%(*objectname) [5ms]
2025-07-24 13:49:54.346 [info] > git config --get commit.template [2ms]
2025-07-24 13:49:54.374 [info] > git for-each-ref --format=%(refname)%00%(upstream:short)%00%(objectname)%00%(upstream:track)%00%(upstream:remotename)%00%(upstream:remoteref) refs/heads/main refs/remotes/main [2ms]
2025-07-24 13:49:54.425 [info] > git status -z -uall [25ms]
2025-07-24 13:49:54.428 [info] > git for-each-ref --sort -committerdate --format %(refname)%00%(objectname)%00%(*objectname) [3ms]
2025-07-24 13:50:02.325 [info] > git config --get commit.template [29ms]
2025-07-24 13:50:02.326 [info] > git for-each-ref --format=%(refname)%00%(upstream:short)%00%(objectname)%00%(upstream:track)%00%(upstream:remotename)%00%(upstream:remoteref) refs/heads/main refs/remotes/main [3ms]
2025-07-24 13:50:02.378 [info] > git status -z -uall [27ms]
2025-07-24 13:50:02.381 [info] > git for-each-ref --sort -committerdate --format %(refname)%00%(objectname)%00%(*objectname) [4ms]
2025-07-24 13:50:07.424 [info] > git config --get commit.template [2ms]
2025-07-24 13:50:07.548 [info] > git for-each-ref --format=%(refname)%00%(upstream:short)%00%(objectname)%00%(upstream:track)%00%(upstream:remotename)%00%(upstream:remoteref) refs/heads/main refs/remotes/main [93ms]
2025-07-24 13:50:07.594 [info] > git status -z -uall [24ms]
2025-07-24 13:50:07.596 [info] > git for-each-ref --sort -committerdate --format %(refname)%00%(objectname)%00%(*objectname) [4ms]
2025-07-24 13:50:12.630 [info] > git config --get commit.template [1ms]
2025-07-24 13:50:12.665 [info] > git for-each-ref --format=%(refname)%00%(upstream:short)%00%(objectname)%00%(upstream:track)%00%(upstream:remotename)%00%(upstream:remoteref) refs/heads/main refs/remotes/main [9ms]
2025-07-24 13:50:12.706 [info] > git status -z -uall [22ms]
2025-07-24 13:50:12.710 [info] > git for-each-ref --sort -committerdate --format %(refname)%00%(objectname)%00%(*objectname) [5ms]
2025-07-24 13:50:17.740 [info] > git config --get commit.template [2ms]
2025-07-24 13:50:17.772 [info] > git for-each-ref --format=%(refname)%00%(upstream:short)%00%(objectname)%00%(upstream:track)%00%(upstream:remotename)%00%(upstream:remoteref) refs/heads/main refs/remotes/main [2ms]
2025-07-24 13:50:17.826 [info] > git status -z -uall [27ms]
2025-07-24 13:50:17.827 [info] > git for-each-ref --sort -committerdate --format %(refname)%00%(objectname)%00%(*objectname) [1ms]
2025-07-24 13:50:22.895 [info] > git config --get commit.template [31ms]
2025-07-24 13:50:22.896 [info] > git for-each-ref --format=%(refname)%00%(upstream:short)%00%(objectname)%00%(upstream:track)%00%(upstream:remotename)%00%(upstream:remoteref) refs/heads/main refs/remotes/main [3ms]
2025-07-24 13:50:22.959 [info] > git status -z -uall [31ms]
2025-07-24 13:50:22.961 [info] > git for-each-ref --sort -committerdate --format %(refname)%00%(objectname)%00%(*objectname) [4ms]
2025-07-24 13:50:27.994 [info] > git config --get commit.template [2ms]
2025-07-24 13:50:28.019 [info] > git for-each-ref --format=%(refname)%00%(upstream:short)%00%(objectname)%00%(upstream:track)%00%(upstream:remotename)%00%(upstream:remoteref) refs/heads/main refs/remotes/main [2ms]
2025-07-24 13:50:28.072 [info] > git status -z -uall [26ms]
2025-07-24 13:50:28.074 [info] > git for-each-ref --sort -committerdate --format %(refname)%00%(objectname)%00%(*objectname) [3ms]
2025-07-24 13:50:30.675 [info] > git check-ignore -v -z --stdin [1ms]
2025-07-24 13:50:48.291 [info] > git config --get commit.template [4ms]
2025-07-24 13:50:48.328 [info] > git for-each-ref --format=%(refname)%00%(upstream:short)%00%(objectname)%00%(upstream:track)%00%(upstream:remotename)%00%(upstream:remoteref) refs/heads/main refs/remotes/main [4ms]
2025-07-24 13:50:48.370 [info] > git status -z -uall [20ms]
2025-07-24 13:50:48.374 [info] > git for-each-ref --sort -committerdate --format %(refname)%00%(objectname)%00%(*objectname) [7ms]
2025-07-24 13:50:48.766 [info] > git check-ignore -v -z --stdin [2ms]
2025-07-24 13:50:53.411 [info] > git config --get commit.template [5ms]
2025-07-24 13:50:53.441 [info] > git for-each-ref --format=%(refname)%00%(upstream:short)%00%(objectname)%00%(upstream:track)%00%(upstream:remotename)%00%(upstream:remoteref) refs/heads/main refs/remotes/main [3ms]
2025-07-24 13:50:53.502 [info] > git status -z -uall [33ms]
2025-07-24 13:50:53.505 [info] > git for-each-ref --sort -committerdate --format %(refname)%00%(objectname)%00%(*objectname) [5ms]
2025-07-24 13:50:59.235 [info] > git config --get commit.template [29ms]
2025-07-24 13:50:59.236 [info] > git for-each-ref --format=%(refname)%00%(upstream:short)%00%(objectname)%00%(upstream:track)%00%(upstream:remotename)%00%(upstream:remoteref) refs/heads/main refs/remotes/main [2ms]
2025-07-24 13:50:59.269 [info] > git status -z -uall [17ms]
2025-07-24 13:50:59.269 [info] > git for-each-ref --sort -committerdate --format %(refname)%00%(objectname)%00%(*objectname) [1ms]
2025-07-24 13:51:04.301 [info] > git config --get commit.template [1ms]
2025-07-24 13:51:04.329 [info] > git for-each-ref --format=%(refname)%00%(upstream:short)%00%(objectname)%00%(upstream:track)%00%(upstream:remotename)%00%(upstream:remoteref) refs/heads/main refs/remotes/main [1ms]
2025-07-24 13:51:04.390 [info] > git status -z -uall [33ms]
2025-07-24 13:51:04.393 [info] > git for-each-ref --sort -committerdate --format %(refname)%00%(objectname)%00%(*objectname) [4ms]
2025-07-24 13:51:09.458 [info] > git config --get commit.template [27ms]
2025-07-24 13:51:09.468 [info] > git for-each-ref --format=%(refname)%00%(upstream:short)%00%(objectname)%00%(upstream:track)%00%(upstream:remotename)%00%(upstream:remoteref) refs/heads/main refs/remotes/main [11ms]
2025-07-24 13:51:09.533 [info] > git status -z -uall [32ms]
2025-07-24 13:51:09.536 [info] > git for-each-ref --sort -committerdate --format %(refname)%00%(objectname)%00%(*objectname) [4ms]
2025-07-24 13:51:09.974 [info] > git show --textconv :quickshell/qmldir [30ms]
2025-07-24 13:51:10.004 [info] > git ls-files --stage -- quickshell/qmldir [31ms]
2025-07-24 13:51:10.036 [info] > git hash-object -t tree /dev/null [4ms]
2025-07-24 13:51:10.037 [warning] [GitFileSystemProvider][stat] File not found - git:/home/khalyl/.config/quickshell/qmldir.git?%7B%22path%22%3A%22%2Fhome%2Fkhalyl%2F.config%2Fquickshell%2Fqmldir%22%2C%22ref%22%3A%22%22%7D
2025-07-24 13:51:10.044 [info] > git hash-object -t tree /dev/null [41ms]
2025-07-24 13:51:10.044 [warning] [GitFileSystemProvider][readFile] File not found - git:/home/khalyl/.config/quickshell/qmldir.git?%7B%22path%22%3A%22%2Fhome%2Fkhalyl%2F.config%2Fquickshell%2Fqmldir%22%2C%22ref%22%3A%22%22%7D
2025-07-24 13:51:10.087 [info] > git blame --root --incremental 47f0fb1107964d242736689fef314f190602f551 -- quickshell/qmldir [4ms]
2025-07-24 13:51:10.087 [info] fatal: no such path quickshell/qmldir in 47f0fb1107964d242736689fef314f190602f551
2025-07-24 13:51:10.240 [info] > git check-ignore -v -z --stdin [4ms]
2025-07-24 13:51:10.613 [info] > git check-ignore -v -z --stdin [2ms]
2025-07-24 13:51:14.572 [info] > git config --get commit.template [2ms]
2025-07-24 13:51:14.598 [info] > git for-each-ref --format=%(refname)%00%(upstream:short)%00%(objectname)%00%(upstream:track)%00%(upstream:remotename)%00%(upstream:remoteref) refs/heads/main refs/remotes/main [2ms]
2025-07-24 13:51:14.671 [info] > git status -z -uall [33ms]
2025-07-24 13:51:14.673 [info] > git for-each-ref --sort -committerdate --format %(refname)%00%(objectname)%00%(*objectname) [4ms]
2025-07-24 13:51:23.062 [info] > git config --get commit.template [23ms]
2025-07-24 13:51:23.064 [info] > git for-each-ref --format=%(refname)%00%(upstream:short)%00%(objectname)%00%(upstream:track)%00%(upstream:remotename)%00%(upstream:remoteref) refs/heads/main refs/remotes/main [3ms]
2025-07-24 13:51:23.113 [info] > git status -z -uall [26ms]
2025-07-24 13:51:23.115 [info] > git for-each-ref --sort -committerdate --format %(refname)%00%(objectname)%00%(*objectname) [3ms]
2025-07-24 13:51:28.186 [info] > git for-each-ref --format=%(refname)%00%(upstream:short)%00%(objectname)%00%(upstream:track)%00%(upstream:remotename)%00%(upstream:remoteref) refs/heads/main refs/remotes/main [3ms]
2025-07-24 13:51:28.187 [info] > git config --get commit.template [31ms]
2025-07-24 13:51:28.236 [info] > git status -z -uall [20ms]
2025-07-24 13:51:28.238 [info] > git for-each-ref --sort -committerdate --format %(refname)%00%(objectname)%00%(*objectname) [3ms]
2025-07-24 13:51:33.274 [info] > git config --get commit.template [1ms]
2025-07-24 13:51:33.309 [info] > git for-each-ref --format=%(refname)%00%(upstream:short)%00%(objectname)%00%(upstream:track)%00%(upstream:remotename)%00%(upstream:remoteref) refs/heads/main refs/remotes/main [3ms]
2025-07-24 13:51:33.375 [info] > git status -z -uall [31ms]
2025-07-24 13:51:33.378 [info] > git for-each-ref --sort -committerdate --format %(refname)%00%(objectname)%00%(*objectname) [4ms]
2025-07-24 13:51:38.417 [info] > git config --get commit.template [1ms]
2025-07-24 13:51:38.454 [info] > git for-each-ref --format=%(refname)%00%(upstream:short)%00%(objectname)%00%(upstream:track)%00%(upstream:remotename)%00%(upstream:remoteref) refs/heads/main refs/remotes/main [4ms]
2025-07-24 13:51:38.516 [info] > git status -z -uall [36ms]
2025-07-24 13:51:38.519 [info] > git for-each-ref --sort -committerdate --format %(refname)%00%(objectname)%00%(*objectname) [6ms]
2025-07-24 13:51:43.556 [info] > git config --get commit.template [2ms]
2025-07-24 13:51:43.584 [info] > git for-each-ref --format=%(refname)%00%(upstream:short)%00%(objectname)%00%(upstream:track)%00%(upstream:remotename)%00%(upstream:remoteref) refs/heads/main refs/remotes/main [2ms]
2025-07-24 13:51:43.633 [info] > git status -z -uall [25ms]
2025-07-24 13:51:43.636 [info] > git for-each-ref --sort -committerdate --format %(refname)%00%(objectname)%00%(*objectname) [5ms]
2025-07-24 13:51:48.679 [info] > git config --get commit.template [3ms]
2025-07-24 13:51:48.720 [info] > git for-each-ref --format=%(refname)%00%(upstream:short)%00%(objectname)%00%(upstream:track)%00%(upstream:remotename)%00%(upstream:remoteref) refs/heads/main refs/remotes/main [3ms]
2025-07-24 13:51:48.776 [info] > git status -z -uall [27ms]
2025-07-24 13:51:48.778 [info] > git for-each-ref --sort -committerdate --format %(refname)%00%(objectname)%00%(*objectname) [3ms]
2025-07-24 13:51:56.768 [info] > git config --get commit.template [3ms]
2025-07-24 13:51:56.797 [info] > git for-each-ref --format=%(refname)%00%(upstream:short)%00%(objectname)%00%(upstream:track)%00%(upstream:remotename)%00%(upstream:remoteref) refs/heads/main refs/remotes/main [4ms]
2025-07-24 13:51:56.864 [info] > git status -z -uall [31ms]
2025-07-24 13:51:56.864 [info] > git for-each-ref --sort -committerdate --format %(refname)%00%(objectname)%00%(*objectname) [3ms]
2025-07-24 13:52:01.928 [info] > git config --get commit.template [28ms]
2025-07-24 13:52:01.930 [info] > git for-each-ref --format=%(refname)%00%(upstream:short)%00%(objectname)%00%(upstream:track)%00%(upstream:remotename)%00%(upstream:remoteref) refs/heads/main refs/remotes/main [3ms]
2025-07-24 13:52:01.982 [info] > git status -z -uall [25ms]
2025-07-24 13:52:01.985 [info] > git for-each-ref --sort -committerdate --format %(refname)%00%(objectname)%00%(*objectname) [4ms]
2025-07-24 13:52:06.939 [info] > git log --format=%H%n%aN%n%aE%n%at%n%ct%n%P%n%D%n%B -z -n32 -- /home/khalyl/.config/quickshell/shell.qml [20ms]
2025-07-24 13:52:06.948 [info] > git log --format=%H%n%aN%n%aE%n%at%n%ct%n%P%n%D%n%B -z -n32 -- /home/khalyl/.config/quickshell/Bar.qml [10ms]
2025-07-24 13:52:07.042 [info] > git config --get commit.template [26ms]
2025-07-24 13:52:07.043 [info] > git for-each-ref --format=%(refname)%00%(upstream:short)%00%(objectname)%00%(upstream:track)%00%(upstream:remotename)%00%(upstream:remoteref) refs/heads/main refs/remotes/main [3ms]
2025-07-24 13:52:07.102 [info] > git status -z -uall [28ms]
2025-07-24 13:52:07.103 [info] > git for-each-ref --sort -committerdate --format %(refname)%00%(objectname)%00%(*objectname) [3ms]
2025-07-24 13:52:12.151 [info] > git config --get commit.template [19ms]
2025-07-24 13:52:12.152 [info] > git for-each-ref --format=%(refname)%00%(upstream:short)%00%(objectname)%00%(upstream:track)%00%(upstream:remotename)%00%(upstream:remoteref) refs/heads/main refs/remotes/main [2ms]
2025-07-24 13:52:12.190 [info] > git status -z -uall [19ms]
2025-07-24 13:52:12.191 [info] > git for-each-ref --sort -committerdate --format %(refname)%00%(objectname)%00%(*objectname) [3ms]
2025-07-24 13:52:17.261 [info] > git config --get commit.template [27ms]
2025-07-24 13:52:17.262 [info] > git for-each-ref --format=%(refname)%00%(upstream:short)%00%(objectname)%00%(upstream:track)%00%(upstream:remotename)%00%(upstream:remoteref) refs/heads/main refs/remotes/main [3ms]
2025-07-24 13:52:17.311 [info] > git status -z -uall [28ms]
2025-07-24 13:52:17.314 [info] > git for-each-ref --sort -committerdate --format %(refname)%00%(objectname)%00%(*objectname) [4ms]
2025-07-24 13:52:22.365 [info] > git config --get commit.template [28ms]
2025-07-24 13:52:22.368 [info] > git for-each-ref --format=%(refname)%00%(upstream:short)%00%(objectname)%00%(upstream:track)%00%(upstream:remotename)%00%(upstream:remoteref) refs/heads/main refs/remotes/main [4ms]
2025-07-24 13:52:22.434 [info] > git status -z -uall [34ms]
2025-07-24 13:52:22.436 [info] > git for-each-ref --sort -committerdate --format %(refname)%00%(objectname)%00%(*objectname) [3ms]
2025-07-24 13:52:27.471 [info] > git config --get commit.template [2ms]
2025-07-24 13:52:27.497 [info] > git for-each-ref --format=%(refname)%00%(upstream:short)%00%(objectname)%00%(upstream:track)%00%(upstream:remotename)%00%(upstream:remoteref) refs/heads/main refs/remotes/main [2ms]
2025-07-24 13:52:27.559 [info] > git status -z -uall [34ms]
2025-07-24 13:52:27.562 [info] > git for-each-ref --sort -committerdate --format %(refname)%00%(objectname)%00%(*objectname) [6ms]
2025-07-24 13:52:28.235 [info] > git show --textconv :quickshell/shell.qml [26ms]
2025-07-24 13:52:28.236 [info] > git ls-files --stage -- quickshell/shell.qml [2ms]
2025-07-24 13:52:28.259 [info] > git cat-file -s cd9c1bb6feb1453bb5ff285d9a334e2ed38c2bb9 [2ms]
2025-07-24 13:52:28.984 [info] > git check-ignore -v -z --stdin [3ms]
2025-07-24 13:52:32.596 [info] > git config --get commit.template [3ms]
2025-07-24 13:52:32.627 [info] > git for-each-ref --format=%(refname)%00%(upstream:short)%00%(objectname)%00%(upstream:track)%00%(upstream:remotename)%00%(upstream:remoteref) refs/heads/main refs/remotes/main [3ms]
2025-07-24 13:52:32.684 [info] > git status -z -uall [29ms]
2025-07-24 13:52:32.686 [info] > git for-each-ref --sort -committerdate --format %(refname)%00%(objectname)%00%(*objectname) [3ms]
2025-07-24 13:52:34.016 [info] > git blame --root --incremental 47f0fb1107964d242736689fef314f190602f551 -- quickshell/shell.qml [2ms]
2025-07-24 13:52:39.254 [info] > git config --get commit.template [2ms]
2025-07-24 13:52:39.283 [info] > git for-each-ref --format=%(refname)%00%(upstream:short)%00%(objectname)%00%(upstream:track)%00%(upstream:remotename)%00%(upstream:remoteref) refs/heads/main refs/remotes/main [3ms]
2025-07-24 13:52:39.333 [info] > git status -z -uall [24ms]
2025-07-24 13:52:39.336 [info] > git for-each-ref --sort -committerdate --format %(refname)%00%(objectname)%00%(*objectname) [4ms]
2025-07-24 13:52:44.414 [info] > git config --get commit.template [33ms]
2025-07-24 13:52:44.416 [info] > git for-each-ref --format=%(refname)%00%(upstream:short)%00%(objectname)%00%(upstream:track)%00%(upstream:remotename)%00%(upstream:remoteref) refs/heads/main refs/remotes/main [4ms]
2025-07-24 13:52:44.476 [info] > git status -z -uall [29ms]
2025-07-24 13:52:44.478 [info] > git for-each-ref --sort -committerdate --format %(refname)%00%(objectname)%00%(*objectname) [3ms]
2025-07-24 13:52:49.503 [info] > git config --get commit.template [1ms]
2025-07-24 13:52:49.525 [info] > git for-each-ref --format=%(refname)%00%(upstream:short)%00%(objectname)%00%(upstream:track)%00%(upstream:remotename)%00%(upstream:remoteref) refs/heads/main refs/remotes/main [2ms]
2025-07-24 13:52:49.569 [info] > git status -z -uall [23ms]
2025-07-24 13:52:49.570 [info] > git for-each-ref --sort -committerdate --format %(refname)%00%(objectname)%00%(*objectname) [2ms]
2025-07-24 13:52:54.615 [info] > git config --get commit.template [21ms]
2025-07-24 13:52:54.616 [info] > git for-each-ref --format=%(refname)%00%(upstream:short)%00%(objectname)%00%(upstream:track)%00%(upstream:remotename)%00%(upstream:remoteref) refs/heads/main refs/remotes/main [2ms]
2025-07-24 13:52:54.653 [info] > git status -z -uall [17ms]
2025-07-24 13:52:54.656 [info] > git for-each-ref --sort -committerdate --format %(refname)%00%(objectname)%00%(*objectname) [3ms]
2025-07-24 13:52:55.394 [info] > git check-ignore -v -z --stdin [1ms]
2025-07-24 13:52:59.704 [info] > git config --get commit.template [21ms]
2025-07-24 13:52:59.706 [info] > git for-each-ref --format=%(refname)%00%(upstream:short)%00%(objectname)%00%(upstream:track)%00%(upstream:remotename)%00%(upstream:remoteref) refs/heads/main refs/remotes/main [2ms]
2025-07-24 13:52:59.739 [info] > git status -z -uall [19ms]
2025-07-24 13:52:59.741 [info] > git for-each-ref --sort -committerdate --format %(refname)%00%(objectname)%00%(*objectname) [3ms]
2025-07-24 13:53:02.543 [info] > git show --textconv :quickshell/shell.qml [18ms]
2025-07-24 13:53:02.544 [info] > git ls-files --stage -- quickshell/shell.qml [2ms]
2025-07-24 13:53:02.569 [info] > git cat-file -s cd9c1bb6feb1453bb5ff285d9a334e2ed38c2bb9 [3ms]
2025-07-24 13:53:04.776 [info] > git config --get commit.template [1ms]
2025-07-24 13:53:04.804 [info] > git for-each-ref --format=%(refname)%00%(upstream:short)%00%(objectname)%00%(upstream:track)%00%(upstream:remotename)%00%(upstream:remoteref) refs/heads/main refs/remotes/main [2ms]
2025-07-24 13:53:04.868 [info] > git status -z -uall [35ms]
2025-07-24 13:53:04.870 [info] > git for-each-ref --sort -committerdate --format %(refname)%00%(objectname)%00%(*objectname) [4ms]
2025-07-24 13:53:09.921 [info] > git config --get commit.template [24ms]
2025-07-24 13:53:09.922 [info] > git for-each-ref --format=%(refname)%00%(upstream:short)%00%(objectname)%00%(upstream:track)%00%(upstream:remotename)%00%(upstream:remoteref) refs/heads/main refs/remotes/main [2ms]
2025-07-24 13:53:09.962 [info] > git status -z -uall [21ms]
2025-07-24 13:53:09.963 [info] > git for-each-ref --sort -committerdate --format %(refname)%00%(objectname)%00%(*objectname) [2ms]
2025-07-24 13:53:12.386 [info] > git show --textconv :quickshell/shell.qml [29ms]
2025-07-24 13:53:12.387 [info] > git ls-files --stage -- quickshell/shell.qml [2ms]
2025-07-24 13:53:12.411 [info] > git cat-file -s cd9c1bb6feb1453bb5ff285d9a334e2ed38c2bb9 [2ms]
2025-07-24 13:53:14.443 [info] > git show --textconv :quickshell/shell.qml [29ms]
2025-07-24 13:53:14.443 [info] > git ls-files --stage -- quickshell/shell.qml [2ms]
2025-07-24 13:53:14.474 [info] > git cat-file -s cd9c1bb6feb1453bb5ff285d9a334e2ed38c2bb9 [4ms]
2025-07-24 13:53:15.023 [info] > git config --get commit.template [21ms]
2025-07-24 13:53:15.024 [info] > git for-each-ref --format=%(refname)%00%(upstream:short)%00%(objectname)%00%(upstream:track)%00%(upstream:remotename)%00%(upstream:remoteref) refs/heads/main refs/remotes/main [2ms]
2025-07-24 13:53:15.078 [info] > git status -z -uall [27ms]
2025-07-24 13:53:15.080 [info] > git for-each-ref --sort -committerdate --format %(refname)%00%(objectname)%00%(*objectname) [3ms]
2025-07-24 13:53:20.154 [info] > git config --get commit.template [33ms]
2025-07-24 13:53:20.155 [info] > git for-each-ref --format=%(refname)%00%(upstream:short)%00%(objectname)%00%(upstream:track)%00%(upstream:remotename)%00%(upstream:remoteref) refs/heads/main refs/remotes/main [2ms]
2025-07-24 13:53:20.218 [info] > git status -z -uall [27ms]
2025-07-24 13:53:20.220 [info] > git for-each-ref --sort -committerdate --format %(refname)%00%(objectname)%00%(*objectname) [3ms]
2025-07-24 13:53:21.310 [info] > git show --textconv :quickshell/shell.qml [19ms]
2025-07-24 13:53:21.310 [info] > git ls-files --stage -- quickshell/shell.qml [2ms]
2025-07-24 13:53:21.334 [info] > git cat-file -s cd9c1bb6feb1453bb5ff285d9a334e2ed38c2bb9 [3ms]
2025-07-24 13:53:25.291 [info] > git config --get commit.template [31ms]
2025-07-24 13:53:25.317 [info] > git for-each-ref --format=%(refname)%00%(upstream:short)%00%(objectname)%00%(upstream:track)%00%(upstream:remotename)%00%(upstream:remoteref) refs/heads/main refs/remotes/main [2ms]
2025-07-24 13:53:25.366 [info] > git status -z -uall [24ms]
2025-07-24 13:53:25.368 [info] > git for-each-ref --sort -committerdate --format %(refname)%00%(objectname)%00%(*objectname) [3ms]
2025-07-24 13:53:30.422 [info] > git config --get commit.template [22ms]
2025-07-24 13:53:30.423 [info] > git for-each-ref --format=%(refname)%00%(upstream:short)%00%(objectname)%00%(upstream:track)%00%(upstream:remotename)%00%(upstream:remoteref) refs/heads/main refs/remotes/main [2ms]
2025-07-24 13:53:30.462 [info] > git status -z -uall [18ms]
2025-07-24 13:53:30.463 [info] > git for-each-ref --sort -committerdate --format %(refname)%00%(objectname)%00%(*objectname) [2ms]
2025-07-24 13:53:46.327 [info] > git config --get commit.template [1ms]
2025-07-24 13:53:46.356 [info] > git for-each-ref --format=%(refname)%00%(upstream:short)%00%(objectname)%00%(upstream:track)%00%(upstream:remotename)%00%(upstream:remoteref) refs/heads/main refs/remotes/main [2ms]
2025-07-24 13:53:46.418 [info] > git status -z -uall [28ms]
2025-07-24 13:53:46.420 [info] > git for-each-ref --sort -committerdate --format %(refname)%00%(objectname)%00%(*objectname) [3ms]
2025-07-24 13:53:51.470 [info] > git config --get commit.template [22ms]
2025-07-24 13:53:51.471 [info] > git for-each-ref --format=%(refname)%00%(upstream:short)%00%(objectname)%00%(upstream:track)%00%(upstream:remotename)%00%(upstream:remoteref) refs/heads/main refs/remotes/main [2ms]
2025-07-24 13:53:51.509 [info] > git status -z -uall [18ms]
2025-07-24 13:53:51.511 [info] > git for-each-ref --sort -committerdate --format %(refname)%00%(objectname)%00%(*objectname) [3ms]
2025-07-24 13:53:54.013 [info] > git show --textconv :quickshell/shell.qml [31ms]
2025-07-24 13:53:54.014 [info] > git ls-files --stage -- quickshell/shell.qml [5ms]
2025-07-24 13:53:54.045 [info] > git cat-file -s cd9c1bb6feb1453bb5ff285d9a334e2ed38c2bb9 [4ms]
2025-07-24 13:53:56.549 [info] > git config --get commit.template [1ms]
2025-07-24 13:53:56.575 [info] > git for-each-ref --format=%(refname)%00%(upstream:short)%00%(objectname)%00%(upstream:track)%00%(upstream:remotename)%00%(upstream:remoteref) refs/heads/main refs/remotes/main [2ms]
2025-07-24 13:53:56.628 [info] > git status -z -uall [25ms]
2025-07-24 13:53:56.631 [info] > git for-each-ref --sort -committerdate --format %(refname)%00%(objectname)%00%(*objectname) [4ms]
2025-07-24 13:54:01.704 [info] > git config --get commit.template [32ms]
2025-07-24 13:54:01.707 [info] > git for-each-ref --format=%(refname)%00%(upstream:short)%00%(objectname)%00%(upstream:track)%00%(upstream:remotename)%00%(upstream:remoteref) refs/heads/main refs/remotes/main [4ms]
2025-07-24 13:54:01.763 [info] > git status -z -uall [31ms]
2025-07-24 13:54:01.767 [info] > git for-each-ref --sort -committerdate --format %(refname)%00%(objectname)%00%(*objectname) [5ms]
2025-07-24 13:54:06.834 [info] > git config --get commit.template [28ms]
2025-07-24 13:54:06.835 [info] > git for-each-ref --format=%(refname)%00%(upstream:short)%00%(objectname)%00%(upstream:track)%00%(upstream:remotename)%00%(upstream:remoteref) refs/heads/main refs/remotes/main [2ms]
2025-07-24 13:54:06.889 [info] > git status -z -uall [30ms]
2025-07-24 13:54:06.891 [info] > git for-each-ref --sort -committerdate --format %(refname)%00%(objectname)%00%(*objectname) [4ms]
2025-07-24 13:54:11.945 [info] > git config --get commit.template [9ms]
2025-07-24 13:54:11.979 [info] > git for-each-ref --format=%(refname)%00%(upstream:short)%00%(objectname)%00%(upstream:track)%00%(upstream:remotename)%00%(upstream:remoteref) refs/heads/main refs/remotes/main [7ms]
2025-07-24 13:54:12.041 [info] > git status -z -uall [34ms]
2025-07-24 13:54:12.043 [info] > git for-each-ref --sort -committerdate --format %(refname)%00%(objectname)%00%(*objectname) [8ms]
2025-07-24 13:54:15.237 [info] > git check-ignore -v -z --stdin [2ms]
2025-07-24 13:54:17.114 [info] > git config --get commit.template [32ms]
2025-07-24 13:54:17.116 [info] > git for-each-ref --format=%(refname)%00%(upstream:short)%00%(objectname)%00%(upstream:track)%00%(upstream:remotename)%00%(upstream:remoteref) refs/heads/main refs/remotes/main [3ms]
2025-07-24 13:54:17.172 [info] > git status -z -uall [33ms]
2025-07-24 13:54:17.175 [info] > git for-each-ref --sort -committerdate --format %(refname)%00%(objectname)%00%(*objectname) [3ms]
2025-07-24 13:54:22.233 [info] > git config --get commit.template [31ms]
2025-07-24 13:54:22.234 [info] > git for-each-ref --format=%(refname)%00%(upstream:short)%00%(objectname)%00%(upstream:track)%00%(upstream:remotename)%00%(upstream:remoteref) refs/heads/main refs/remotes/main [2ms]
2025-07-24 13:54:22.286 [info] > git status -z -uall [28ms]
2025-07-24 13:54:22.288 [info] > git for-each-ref --sort -committerdate --format %(refname)%00%(objectname)%00%(*objectname) [3ms]
2025-07-24 13:54:27.354 [info] > git config --get commit.template [26ms]
2025-07-24 13:54:27.355 [info] > git for-each-ref --format=%(refname)%00%(upstream:short)%00%(objectname)%00%(upstream:track)%00%(upstream:remotename)%00%(upstream:remoteref) refs/heads/main refs/remotes/main [2ms]
2025-07-24 13:54:27.458 [info] > git status -z -uall [76ms]
2025-07-24 13:54:27.458 [info] > git for-each-ref --sort -committerdate --format %(refname)%00%(objectname)%00%(*objectname) [44ms]
2025-07-24 13:54:36.890 [info] > git config --get commit.template [1ms]
2025-07-24 13:54:36.919 [info] > git for-each-ref --format=%(refname)%00%(upstream:short)%00%(objectname)%00%(upstream:track)%00%(upstream:remotename)%00%(upstream:remoteref) refs/heads/main refs/remotes/main [2ms]
2025-07-24 13:54:36.989 [info] > git status -z -uall [33ms]
2025-07-24 13:54:36.991 [info] > git for-each-ref --sort -committerdate --format %(refname)%00%(objectname)%00%(*objectname) [4ms]
2025-07-24 13:54:44.205 [info] > git config --get commit.template [2ms]
2025-07-24 13:54:44.234 [info] > git for-each-ref --format=%(refname)%00%(upstream:short)%00%(objectname)%00%(upstream:track)%00%(upstream:remotename)%00%(upstream:remoteref) refs/heads/main refs/remotes/main [1ms]
2025-07-24 13:54:44.299 [info] > git status -z -uall [29ms]
2025-07-24 13:54:44.302 [info] > git for-each-ref --sort -committerdate --format %(refname)%00%(objectname)%00%(*objectname) [4ms]
2025-07-24 13:55:02.359 [info] > git config --get commit.template [3ms]
2025-07-24 13:55:02.388 [info] > git for-each-ref --format=%(refname)%00%(upstream:short)%00%(objectname)%00%(upstream:track)%00%(upstream:remotename)%00%(upstream:remoteref) refs/heads/main refs/remotes/main [3ms]
2025-07-24 13:55:02.440 [info] > git status -z -uall [27ms]
2025-07-24 13:55:02.443 [info] > git for-each-ref --sort -committerdate --format %(refname)%00%(objectname)%00%(*objectname) [4ms]
