2025-07-24 14:08:38.641 [info] Reading sessions from keychain...
2025-07-24 14:08:38.641 [info] Getting sessions for all scopes...
2025-07-24 14:08:38.641 [info] Got stored sessions!
2025-07-24 14:08:38.641 [info] Got 1 verified sessions.
2025-07-24 14:08:38.641 [info] Got 1 sessions for ...
2025-07-24 14:08:38.641 [info] Getting sessions for all scopes...
2025-07-24 14:08:38.641 [info] Got 1 sessions for ...
2025-07-24 14:08:38.641 [info] Getting sessions for all scopes...
2025-07-24 14:08:38.641 [info] Got 1 sessions for ...
2025-07-24 14:08:38.641 [info] Getting sessions for all scopes...
2025-07-24 14:08:38.641 [info] Got 1 sessions for ...
2025-07-24 14:08:38.641 [info] Getting sessions for all scopes...
2025-07-24 14:08:38.641 [info] Got 1 sessions for ...
2025-07-24 14:08:38.641 [info] Getting sessions for all scopes...
2025-07-24 14:08:38.641 [info] Got 1 sessions for ...
2025-07-24 14:08:38.641 [info] Getting sessions for all scopes...
2025-07-24 14:08:38.641 [info] Got 1 sessions for ...
2025-07-24 14:08:38.641 [info] Getting sessions for all scopes...
2025-07-24 14:08:38.641 [info] Got 1 sessions for ...
2025-07-24 14:08:38.641 [info] Getting sessions for all scopes...
2025-07-24 14:08:38.641 [info] Got 1 sessions for ...
2025-07-24 14:08:38.641 [info] Getting sessions for all scopes...
2025-07-24 14:08:38.641 [info] Got 1 sessions for ...
2025-07-24 14:08:38.641 [info] Getting sessions for all scopes...
2025-07-24 14:08:38.641 [info] Got 1 sessions for ...
2025-07-24 14:08:38.641 [info] Getting sessions for all scopes...
2025-07-24 14:08:38.641 [info] Got 1 sessions for ...
2025-07-24 14:08:38.641 [info] Getting sessions for all scopes...
2025-07-24 14:08:38.641 [info] Got 1 sessions for ...
2025-07-24 14:08:38.641 [info] Getting sessions for all scopes...
2025-07-24 14:08:38.641 [info] Got 1 sessions for ...
2025-07-24 14:08:38.641 [info] Getting sessions for all scopes...
2025-07-24 14:08:38.641 [info] Got 1 sessions for ...
2025-07-24 14:08:38.641 [info] Getting sessions for all scopes...
2025-07-24 14:08:38.641 [info] Got 1 sessions for ...
2025-07-24 14:08:38.641 [info] Getting sessions for all scopes...
2025-07-24 14:08:38.641 [info] Got 1 sessions for ...
2025-07-24 14:08:38.641 [info] Getting sessions for all scopes...
2025-07-24 14:08:38.641 [info] Got 1 sessions for ...
2025-07-24 14:08:38.641 [info] Getting sessions for all scopes...
2025-07-24 14:08:38.641 [info] Got 1 sessions for ...
2025-07-24 14:08:38.641 [info] Getting sessions for all scopes...
2025-07-24 14:08:38.641 [info] Got 1 sessions for ...
2025-07-24 14:08:38.659 [info] Getting sessions for read:user,repo,user:email,workflow...
2025-07-24 14:08:38.659 [info] Got 0 sessions for read:user,repo,user:email,workflow...
2025-07-24 14:08:38.778 [info] Getting sessions for user:email...
2025-07-24 14:08:38.778 [info] Got 1 sessions for user:email...
2025-07-24 14:08:38.778 [info] Getting sessions for read:user,repo,user:email,workflow...
2025-07-24 14:08:38.778 [info] Got 0 sessions for read:user,repo,user:email,workflow...
2025-07-24 14:08:38.914 [info] Getting sessions for all scopes...
2025-07-24 14:08:38.914 [info] Got 1 sessions for ...
2025-07-24 14:08:41.148 [info] Getting sessions for all scopes...
2025-07-24 14:08:41.148 [info] Got 1 sessions for ...
2025-07-24 14:08:41.149 [info] Getting sessions for all scopes...
2025-07-24 14:08:41.149 [info] Got 1 sessions for ...
2025-07-24 14:08:41.149 [info] Getting sessions for all scopes...
2025-07-24 14:08:41.149 [info] Got 1 sessions for ...
2025-07-24 14:08:41.150 [info] Getting sessions for all scopes...
2025-07-24 14:08:41.150 [info] Got 1 sessions for ...
2025-07-24 14:08:41.176 [info] Getting sessions for all scopes...
2025-07-24 14:08:41.176 [info] Got 1 sessions for ...
2025-07-24 14:08:41.442 [info] Getting sessions for read:user,repo,user:email,workflow...
2025-07-24 14:08:41.442 [info] Got 0 sessions for read:user,repo,user:email,workflow...
2025-07-24 14:08:41.852 [info] Getting sessions for all scopes...
2025-07-24 14:08:41.852 [info] Got 1 sessions for ...
2025-07-24 14:08:41.869 [info] Getting sessions for all scopes...
2025-07-24 14:08:41.869 [info] Got 1 sessions for ...
2025-07-24 14:08:41.892 [info] Getting sessions for read:user,repo,user:email,workflow...
2025-07-24 14:08:41.892 [info] Got 0 sessions for read:user,repo,user:email,workflow...
2025-07-24 14:08:41.894 [info] Getting sessions for user:email...
2025-07-24 14:08:41.894 [info] Got 1 sessions for user:email...
2025-07-24 14:08:41.905 [info] Getting sessions for read:user,repo,user:email,workflow...
2025-07-24 14:08:41.905 [info] Got 0 sessions for read:user,repo,user:email,workflow...
2025-07-24 14:08:41.934 [info] Getting sessions for read:user...
2025-07-24 14:08:41.934 [info] Got 0 sessions for read:user...
2025-07-24 14:08:41.934 [info] Getting sessions for all scopes...
2025-07-24 14:08:41.934 [info] Got 1 sessions for ...
2025-07-24 14:08:41.936 [info] Getting sessions for user:email...
2025-07-24 14:08:41.936 [info] Got 1 sessions for user:email...
2025-07-24 14:08:41.936 [info] Getting sessions for read:user,repo,user:email,workflow...
2025-07-24 14:08:41.936 [info] Got 0 sessions for read:user,repo,user:email,workflow...
2025-07-24 14:08:41.943 [info] Getting sessions for user:email...
2025-07-24 14:08:41.943 [info] Got 1 sessions for user:email...
2025-07-24 14:08:42.526 [info] Getting sessions for all scopes...
2025-07-24 14:08:42.527 [info] Got 1 sessions for ...
2025-07-24 14:08:42.528 [info] Getting sessions for all scopes...
2025-07-24 14:08:42.528 [info] Got 1 sessions for ...
2025-07-24 14:08:42.530 [info] Getting sessions for read:user,repo,user:email,workflow...
2025-07-24 14:08:42.530 [info] Got 0 sessions for read:user,repo,user:email,workflow...
2025-07-24 14:08:42.531 [info] Getting sessions for user:email...
2025-07-24 14:08:42.531 [info] Got 1 sessions for user:email...
2025-07-24 14:08:42.531 [info] Getting sessions for read:user,repo,user:email,workflow...
2025-07-24 14:08:42.531 [info] Got 0 sessions for read:user,repo,user:email,workflow...
2025-07-24 14:08:42.575 [info] Getting sessions for all scopes...
2025-07-24 14:08:42.575 [info] Got 1 sessions for ...
2025-07-24 14:08:42.576 [info] Getting sessions for read:user,repo,user:email,workflow...
2025-07-24 14:08:42.576 [info] Got 0 sessions for read:user,repo,user:email,workflow...
2025-07-24 14:08:42.577 [info] Getting sessions for user:email...
2025-07-24 14:08:42.577 [info] Got 1 sessions for user:email...
2025-07-24 14:08:43.136 [info] Getting sessions for all scopes...
2025-07-24 14:08:43.136 [info] Got 1 sessions for ...
2025-07-24 14:08:43.136 [info] Getting sessions for all scopes...
2025-07-24 14:08:43.136 [info] Got 1 sessions for ...
2025-07-24 14:08:43.150 [info] Getting sessions for read:user,repo,user:email,workflow...
2025-07-24 14:08:43.150 [info] Got 0 sessions for read:user,repo,user:email,workflow...
2025-07-24 14:08:43.151 [info] Getting sessions for user:email...
2025-07-24 14:08:43.151 [info] Got 1 sessions for user:email...
2025-07-24 14:08:43.151 [info] Getting sessions for read:user,repo,user:email,workflow...
2025-07-24 14:08:43.151 [info] Got 0 sessions for read:user,repo,user:email,workflow...
2025-07-24 14:08:43.155 [info] Getting sessions for all scopes...
2025-07-24 14:08:43.155 [info] Got 1 sessions for ...
2025-07-24 14:08:43.156 [info] Getting sessions for read:user,repo,user:email,workflow...
2025-07-24 14:08:43.156 [info] Got 0 sessions for read:user,repo,user:email,workflow...
2025-07-24 14:08:43.157 [info] Getting sessions for user:email...
2025-07-24 14:08:43.157 [info] Got 1 sessions for user:email...
2025-07-24 14:08:43.227 [info] Getting sessions for all scopes...
2025-07-24 14:08:43.227 [info] Got 1 sessions for ...
2025-07-24 14:08:43.227 [info] Getting sessions for all scopes...
2025-07-24 14:08:43.227 [info] Got 1 sessions for ...
2025-07-24 14:08:43.230 [info] Getting sessions for read:user,repo,user:email,workflow...
2025-07-24 14:08:43.230 [info] Got 0 sessions for read:user,repo,user:email,workflow...
2025-07-24 14:08:43.231 [info] Getting sessions for user:email...
2025-07-24 14:08:43.231 [info] Got 1 sessions for user:email...
2025-07-24 14:08:43.232 [info] Getting sessions for read:user,repo,user:email,workflow...
2025-07-24 14:08:43.232 [info] Got 0 sessions for read:user,repo,user:email,workflow...
2025-07-24 14:08:43.236 [info] Getting sessions for all scopes...
2025-07-24 14:08:43.236 [info] Got 1 sessions for ...
2025-07-24 14:08:43.252 [info] Getting sessions for all scopes...
2025-07-24 14:08:43.252 [info] Got 1 sessions for ...
2025-07-24 14:08:43.253 [info] Getting sessions for all scopes...
2025-07-24 14:08:43.253 [info] Got 1 sessions for ...
2025-07-24 14:08:43.259 [info] Getting sessions for read:user,repo,user:email,workflow...
2025-07-24 14:08:43.260 [info] Got 0 sessions for read:user,repo,user:email,workflow...
2025-07-24 14:08:43.260 [info] Getting sessions for user:email...
2025-07-24 14:08:43.260 [info] Got 1 sessions for user:email...
2025-07-24 14:08:43.471 [info] Getting sessions for all scopes...
2025-07-24 14:08:43.471 [info] Got 1 sessions for ...
2025-07-24 14:08:43.482 [info] Getting sessions for read:user,repo,user:email,workflow...
2025-07-24 14:08:43.483 [info] Got 0 sessions for read:user,repo,user:email,workflow...
2025-07-24 14:08:43.484 [info] Getting sessions for user:email...
2025-07-24 14:08:43.485 [info] Got 1 sessions for user:email...
2025-07-24 14:08:43.734 [info] Getting sessions for all scopes...
2025-07-24 14:08:43.734 [info] Got 1 sessions for ...
2025-07-24 14:08:43.735 [info] Getting sessions for read:user,repo,user:email,workflow...
2025-07-24 14:08:43.735 [info] Got 0 sessions for read:user,repo,user:email,workflow...
2025-07-24 14:08:43.737 [info] Getting sessions for user:email...
2025-07-24 14:08:43.737 [info] Got 1 sessions for user:email...
2025-07-24 14:08:44.478 [info] Getting sessions for all scopes...
2025-07-24 14:08:44.478 [info] Got 1 sessions for ...
2025-07-24 14:08:44.738 [info] Getting sessions for all scopes...
2025-07-24 14:08:44.738 [info] Got 1 sessions for ...
2025-07-24 14:08:44.741 [info] Getting sessions for read:user,repo,user:email,workflow...
2025-07-24 14:08:44.741 [info] Got 0 sessions for read:user,repo,user:email,workflow...
2025-07-24 14:08:44.744 [info] Getting sessions for user:email...
2025-07-24 14:08:44.744 [info] Got 1 sessions for user:email...
