qt.languageserver.server: Did Setup
Using the build directories found in the .qmlls.ini file. Your build folder might not be found if no .qmlls.ini files are present in the root source folder.
qt.languageserver.server: "Registration of file updates failed, will miss file changes from outside the editor.-32603 Request client/registerCapability failed with message: No feature implementation for workspace.didChangeWatchedFiles found. Registration failed."
[Warn  - 1:45:14 PM] Registration of file updates failed, will miss file changes from outside the editor.-32603 Request client/registerCapability failed with message: No feature implementation for workspace.didChangeWatchedFiles found. Registration failed.
[Dom][Exports] Warning: Failed to find main qmldir file for QtQml 6 in /home/runner/work/_temp/install_dir/qml.
[Dom] Warning: Failed to find main qmldir file for QtQuick  in /home/runner/work/_temp/install_dir/qml.
[Dom] Warning: Failed to find main qmldir file for Quickshell  in /home/runner/work/_temp/install_dir/qml.
[Dom] Warning: Failed to find main qmldir file for Quickshell.Hyprland  in /home/runner/work/_temp/install_dir/qml.
[Dom] Warning: Failed to find main qmldir file for Quickshell.Io  in /home/runner/work/_temp/install_dir/qml.
[Dom] Warning: Failed to find main qmldir file for QtQuick  in /home/runner/work/_temp/install_dir/qml.
[Dom] Warning: Failed to find main qmldir file for QtQuick.Layouts  in /home/runner/work/_temp/install_dir/qml.
[Dom] Warning: Failed to find main qmldir file for QtQuick  in /home/runner/work/_temp/install_dir/qml.
QFileSystemWatcher::addPaths: list is empty
QFileSystemWatcher::addPaths: list is empty
[Dom] Warning: Failed to find main qmldir file for Quickshell  in /home/runner/work/_temp/install_dir/qml.
[Dom] Warning: Failed to find main qmldir file for QtQuick  in /home/runner/work/_temp/install_dir/qml.
[Dom] Warning: Failed to find main qmldir file for Quickshell  in /home/runner/work/_temp/install_dir/qml.
QFileSystemWatcher::addPaths: list is empty
QFileSystemWatcher::addPaths: list is empty
QFileSystemWatcher::addPaths: list is empty
qt.languageserver.server: Ignoring cancellation of non in progress request QJsonValue(double, 54)
[Dom][Exports] Warning: Failed to find main qmldir file for QtQml 6 in /home/runner/work/_temp/install_dir/qml.
[Dom] Warning: Failed to find main qmldir file for QtQuicko  in /home/runner/work/_temp/install_dir/qml.
QFileSystemWatcher::addPaths: list is empty
[Dom][Exports] Warning: Failed to find main qmldir file for QtQml 6 in /home/runner/work/_temp/install_dir/qml.
[Dom] Warning: Failed to find main qmldir file for QtQuickoi  in /home/runner/work/_temp/install_dir/qml.
QFileSystemWatcher::addPaths: list is empty
[Dom][Exports] Warning: Failed to find main qmldir file for QtQml 6 in /home/runner/work/_temp/install_dir/qml.
[Dom] Warning: Failed to find main qmldir file for QtQuicko  in /home/runner/work/_temp/install_dir/qml.
QFileSystemWatcher::addPaths: list is empty
[Dom][Exports] Warning: Failed to find main qmldir file for QtQml 6 in /home/runner/work/_temp/install_dir/qml.
[Dom] Warning: Failed to find main qmldir file for QtQuick  in /home/runner/work/_temp/install_dir/qml.
QFileSystemWatcher::addPaths: list is empty
[Dom][Exports] Warning: Failed to find main qmldir file for QtQml 6 in /home/runner/work/_temp/install_dir/qml.
[Dom] Warning: Failed to find main qmldir file for QtQuick  in /home/runner/work/_temp/install_dir/qml.
QFileSystemWatcher::addPaths: list is empty
[Dom][Exports] Warning: Failed to find main qmldir file for QtQml 6 in /home/runner/work/_temp/install_dir/qml.
[Dom] Warning: Failed to find main qmldir file for QtQuick  in /home/runner/work/_temp/install_dir/qml.
qt.qmldom: Parsed invalid file /home/khalyl/.config/quickshell/Clock.qml/home/khalyl/.config/quickshell/Clock.qml:5:1: [Dom][QmlFile][Parsing] Error: Unexpected token `identifier' for .currentItem

QFileSystemWatcher::addPaths: list is empty
qt.languageserver.server: avoid update of validDoc to  7 of document "file:///home/khalyl/.config/quickshell/Clock.qml" as it is invalid
qt.languageserver.completions: No valid document for completions for  "file:///home/khalyl/.config/quickshell/Clock.qml"
[Dom][Exports] Warning: Failed to find main qmldir file for QtQml 6 in /home/runner/work/_temp/install_dir/qml.
[Dom] Warning: Failed to find main qmldir file for QtQuick  in /home/runner/work/_temp/install_dir/qml.
qt.qmldom: Parsed invalid file /home/khalyl/.config/quickshell/Clock.qml/home/khalyl/.config/quickshell/Clock.qml:5:1: [Dom][QmlFile][Parsing] Error: Unexpected token `identifier' for .currentItem

QFileSystemWatcher::addPaths: list is empty
qt.languageserver.server: avoid update of validDoc to  8 of document "file:///home/khalyl/.config/quickshell/Clock.qml" as it is invalid
[Dom][Exports] Warning: Failed to find main qmldir file for QtQml 6 in /home/runner/work/_temp/install_dir/qml.
[Dom] Warning: Failed to find main qmldir file for QtQuick  in /home/runner/work/_temp/install_dir/qml.
qt.qmldom: Parsed invalid file /home/khalyl/.config/quickshell/Clock.qml/home/khalyl/.config/quickshell/Clock.qml:5:1: [Dom][QmlFile][Parsing] Error: Unexpected token `identifier' for .currentItem

QFileSystemWatcher::addPaths: list is empty
qt.languageserver.server: avoid update of validDoc to  9 of document "file:///home/khalyl/.config/quickshell/Clock.qml" as it is invalid
[Dom][Exports] Warning: Failed to find main qmldir file for QtQml 6 in /home/runner/work/_temp/install_dir/qml.
[Dom] Warning: Failed to find main qmldir file for QtQuick  in /home/runner/work/_temp/install_dir/qml.
qt.qmldom: Parsed invalid file /home/khalyl/.config/quickshell/Clock.qml/home/khalyl/.config/quickshell/Clock.qml:5:1: [Dom][QmlFile][Parsing] Error: Unexpected token `identifier' for .currentItem

QFileSystemWatcher::addPaths: list is empty
qt.languageserver.server: avoid update of validDoc to  10 of document "file:///home/khalyl/.config/quickshell/Clock.qml" as it is invalid
qt.languageserver.completions: No valid document for completions for  "file:///home/khalyl/.config/quickshell/Clock.qml"
[Dom][Exports] Warning: Failed to find main qmldir file for QtQml 6 in /home/runner/work/_temp/install_dir/qml.
[Dom] Warning: Failed to find main qmldir file for QtQuick  in /home/runner/work/_temp/install_dir/qml.
qt.qmldom: Parsed invalid file /home/khalyl/.config/quickshell/Clock.qml/home/khalyl/.config/quickshell/Clock.qml:5:1: [Dom][QmlFile][Parsing] Error: Unexpected token `identifier' for .currentItem

QFileSystemWatcher::addPaths: list is empty
qt.languageserver.server: avoid update of validDoc to  11 of document "file:///home/khalyl/.config/quickshell/Clock.qml" as it is invalid
qt.languageserver.completions: No valid document for completions for  "file:///home/khalyl/.config/quickshell/Clock.qml"
qt.qmldom: Parsed invalid file /home/khalyl/.config/quickshell/Clock.qml/home/khalyl/.config/quickshell/Clock.qml:5:6: [Dom][QmlFile][Parsing] Error: Expected token `;' for .currentItem

QFileSystemWatcher::addPaths: list is empty
qt.languageserver.server: avoid update of validDoc to  12 of document "file:///home/khalyl/.config/quickshell/Clock.qml" as it is invalid
qt.languageserver.completions: No valid document for completions for  "file:///home/khalyl/.config/quickshell/Clock.qml"
qt.qmldom: Parsed invalid file /home/khalyl/.config/quickshell/Clock.qml/home/khalyl/.config/quickshell/Clock.qml:5:6: [Dom][QmlFile][Parsing] Error: Expected token `;' for .currentItem

QFileSystemWatcher::addPaths: list is empty
qt.languageserver.server: avoid update of validDoc to  13 of document "file:///home/khalyl/.config/quickshell/Clock.qml" as it is invalid
[Dom][Exports] Warning: Failed to find main qmldir file for QtQml 6 in /home/runner/work/_temp/install_dir/qml.
[Dom] Warning: Failed to find main qmldir file for QtQuick  in /home/runner/work/_temp/install_dir/qml.
[Dom] Error: Non existing path to load: ''
QFileSystemWatcher::addPaths: list is empty
[Dom][Exports] Warning: Failed to find main qmldir file for QtQml 6 in /home/runner/work/_temp/install_dir/qml.
[Dom] Warning: Failed to find main qmldir file for QtQuick  in /home/runner/work/_temp/install_dir/qml.
[Dom] Error: Non existing path to load: '/home/khalyl/.config/quickshell/t'
QFileSystemWatcher::addPaths: list is empty
[Dom][Exports] Warning: Failed to find main qmldir file for QtQml 6 in /home/runner/work/_temp/install_dir/qml.
[Dom] Warning: Failed to find main qmldir file for QtQuick  in /home/runner/work/_temp/install_dir/qml.
[Dom] Error: Non existing path to load: '/home/khalyl/.config/quickshell/ti'
QFileSystemWatcher::addPaths: list is empty
[Dom][Exports] Warning: Failed to find main qmldir file for QtQml 6 in /home/runner/work/_temp/install_dir/qml.
[Dom] Warning: Failed to find main qmldir file for QtQuick  in /home/runner/work/_temp/install_dir/qml.
[Dom] Error: Non existing path to load: '/home/khalyl/.config/quickshell/tim'
QFileSystemWatcher::addPaths: list is empty
[Dom][Exports] Warning: Failed to find main qmldir file for QtQml 6 in /home/runner/work/_temp/install_dir/qml.
[Dom] Warning: Failed to find main qmldir file for QtQuick  in /home/runner/work/_temp/install_dir/qml.
[Dom] Error: Non existing path to load: '/home/khalyl/.config/quickshell/time'
QFileSystemWatcher::addPaths: list is empty
[Dom][Exports] Warning: Failed to find main qmldir file for QtQml 6 in /home/runner/work/_temp/install_dir/qml.
[Dom] Warning: Failed to find main qmldir file for QtQuick  in /home/runner/work/_temp/install_dir/qml.
[Dom] Error: Non existing path to load: '/home/khalyl/.config/quickshell/tim'
QFileSystemWatcher::addPaths: list is empty
[Dom][Exports] Warning: Failed to find main qmldir file for QtQml 6 in /home/runner/work/_temp/install_dir/qml.
[Dom] Warning: Failed to find main qmldir file for QtQuick  in /home/runner/work/_temp/install_dir/qml.
[Dom] Error: Non existing path to load: '/home/khalyl/.config/quickshell/ti'
QFileSystemWatcher::addPaths: list is empty
[Dom][Exports] Warning: Failed to find main qmldir file for QtQml 6 in /home/runner/work/_temp/install_dir/qml.
[Dom] Warning: Failed to find main qmldir file for QtQuick  in /home/runner/work/_temp/install_dir/qml.
[Dom] Error: Non existing path to load: '/home/khalyl/.config/quickshell/t'
QFileSystemWatcher::addPaths: list is empty
[Dom][Exports] Warning: Failed to find main qmldir file for QtQml 6 in /home/runner/work/_temp/install_dir/qml.
[Dom] Warning: Failed to find main qmldir file for QtQuick  in /home/runner/work/_temp/install_dir/qml.
[Dom] Error: Non existing path to load: ''
QFileSystemWatcher::addPaths: list is empty
[Dom][Exports] Warning: Failed to find main qmldir file for QtQml 6 in /home/runner/work/_temp/install_dir/qml.
[Dom] Warning: Failed to find main qmldir file for QtQuick  in /home/runner/work/_temp/install_dir/qml.
[Dom] Error: Non existing path to load: '/home/khalyl/.config/quickshell/T'
QFileSystemWatcher::addPaths: list is empty
[Dom][Exports] Warning: Failed to find main qmldir file for QtQml 6 in /home/runner/work/_temp/install_dir/qml.
[Dom] Warning: Failed to find main qmldir file for QtQuick  in /home/runner/work/_temp/install_dir/qml.
[Dom] Error: Non existing path to load: '/home/khalyl/.config/quickshell/Ti'
QFileSystemWatcher::addPaths: list is empty
[Dom][Exports] Warning: Failed to find main qmldir file for QtQml 6 in /home/runner/work/_temp/install_dir/qml.
[Dom] Warning: Failed to find main qmldir file for QtQuick  in /home/runner/work/_temp/install_dir/qml.
[Dom] Error: Non existing path to load: '/home/khalyl/.config/quickshell/Tim'
QFileSystemWatcher::addPaths: list is empty
[Dom][Exports] Warning: Failed to find main qmldir file for QtQml 6 in /home/runner/work/_temp/install_dir/qml.
[Dom] Warning: Failed to find main qmldir file for QtQuick  in /home/runner/work/_temp/install_dir/qml.
[Dom] Error: Non existing path to load: '/home/khalyl/.config/quickshell/Time'
QFileSystemWatcher::addPaths: list is empty
[Dom][Exports] Warning: Failed to find main qmldir file for QtQml 6 in /home/runner/work/_temp/install_dir/qml.
[Dom] Warning: Failed to find main qmldir file for QtQuick  in /home/runner/work/_temp/install_dir/qml.
[Dom] Error: Non existing path to load: '/home/khalyl/.config/quickshell/Time.'
QFileSystemWatcher::addPaths: list is empty
[Dom][Exports] Warning: Failed to find main qmldir file for QtQml 6 in /home/runner/work/_temp/install_dir/qml.
[Dom] Warning: Failed to find main qmldir file for QtQuick  in /home/runner/work/_temp/install_dir/qml.
[Dom] Error: Non existing path to load: '/home/khalyl/.config/quickshell/Time.q'
QFileSystemWatcher::addPaths: list is empty
[Dom][Exports] Warning: Failed to find main qmldir file for QtQml 6 in /home/runner/work/_temp/install_dir/qml.
[Dom] Warning: Failed to find main qmldir file for QtQuick  in /home/runner/work/_temp/install_dir/qml.
[Dom] Error: Non existing path to load: '/home/khalyl/.config/quickshell/Time.qm'
QFileSystemWatcher::addPaths: list is empty
[Dom][Exports] Warning: Failed to find main qmldir file for QtQml 6 in /home/runner/work/_temp/install_dir/qml.
[Dom] Warning: Failed to find main qmldir file for QtQuick  in /home/runner/work/_temp/install_dir/qml.
QFileSystemWatcher::addPaths: list is empty
[Dom][Exports] Warning: Failed to find main qmldir file for QtQml 6 in /home/runner/work/_temp/install_dir/qml.
[Dom] Warning: Failed to find main qmldir file for QtQuick  in /home/runner/work/_temp/install_dir/qml.
[Dom] Error: Non existing path to load: '/home/khalyl/.config/quickshell/Time.qml '
QFileSystemWatcher::addPaths: list is empty
[Dom][Exports] Warning: Failed to find main qmldir file for QtQml 6 in /home/runner/work/_temp/install_dir/qml.
[Dom] Warning: Failed to find main qmldir file for QtQuick  in /home/runner/work/_temp/install_dir/qml.
QFileSystemWatcher::addPaths: list is empty
[Dom][Exports] Warning: Failed to find main qmldir file for QtQml 6 in /home/runner/work/_temp/install_dir/qml.
[Dom] Warning: Failed to find main qmldir file for QtQuick  in /home/runner/work/_temp/install_dir/qml.
QFileSystemWatcher::addPaths: list is empty
qt.qmldom: Parsed invalid file /home/khalyl/.config/quickshell/Clock.qml/home/khalyl/.config/quickshell/Clock.qml:3:19: [Dom][QmlFile][Parsing] Error: Expected token `;' for .currentItem

QFileSystemWatcher::addPaths: list is empty
qt.languageserver.server: avoid update of validDoc to  34 of document "file:///home/khalyl/.config/quickshell/Clock.qml" as it is invalid
qt.languageserver.completions: No valid document for completions for  "file:///home/khalyl/.config/quickshell/Clock.qml"
qt.qmldom: Parsed invalid file /home/khalyl/.config/quickshell/Clock.qml/home/khalyl/.config/quickshell/Clock.qml:5:6: [Dom][QmlFile][Parsing] Error: Expected token `;' for .currentItem

QFileSystemWatcher::addPaths: list is empty
qt.languageserver.server: avoid update of validDoc to  35 of document "file:///home/khalyl/.config/quickshell/Clock.qml" as it is invalid
QFileSystemWatcher::addPaths: list is empty
qt.languageserver.server: avoid update of validDoc to  36 of document "file:///home/khalyl/.config/quickshell/Clock.qml" as it is invalid
[Dom][Exports] Warning: Failed to find main qmldir file for QtQml 6 in /home/runner/work/_temp/install_dir/qml.
[Dom] Warning: Failed to find main qmldir file for QtQuick  in /home/runner/work/_temp/install_dir/qml.
QFileSystemWatcher::addPaths: list is empty
[Dom][Universe] Error: Could not detect type of file 
[Dom] Error: Unexpected file to load: ''
QFileSystemWatcher::addPaths: list is empty
QFileSystemWatcher::addPaths: list is empty
QFileSystemWatcher::addPaths: list is empty
QFileSystemWatcher::addPaths: list is empty
QFileSystemWatcher::addPaths: list is empty
QFileSystemWatcher::addPaths: list is empty
QFileSystemWatcher::addPaths: list is empty
[Dom][Exports] Warning: Failed to find main qmldir file for QtQml 6 in /home/runner/work/_temp/install_dir/qml.
[Dom] Warning: Failed to find main qmldir file for QtQuick  in /home/runner/work/_temp/install_dir/qml.
QFileSystemWatcher::addPaths: list is empty
QFileSystemWatcher::addPaths: list is empty
[Dom][Universe] Error: Could not detect type of file 
[Dom] Error: Unexpected file to load: ''
QFileSystemWatcher::addPaths: list is empty
qt.qmldom: Parsed invalid file /home/khalyl/.config/quickshell/qmldir.qml/home/khalyl/.config/quickshell/qmldir.qml:[Dom][QmlFile][Parsing] Error: Expected token `numeric literal' for .currentItem

QFileSystemWatcher::addPaths: list is empty
qt.languageserver.server: avoid update of validDoc to  1 of document "file:///home/khalyl/.config/quickshell/qmldir.qml" as it is invalid
qt.qmldom: Parsed invalid file /home/khalyl/.config/quickshell/qmldir.qml/home/khalyl/.config/quickshell/qmldir.qml:1:11: [Dom][QmlFile][Parsing] Error: Expected token `{' for .currentItem

QFileSystemWatcher::addPaths: list is empty
qt.languageserver.server: avoid update of validDoc to  2 of document "file:///home/khalyl/.config/quickshell/qmldir.qml" as it is invalid
[Dom][Exports] Warning: Failed to find main qmldir file for QtQml 6 in /home/runner/work/_temp/install_dir/qml.
[Dom] Warning: Failed to find main qmldir file for QtQuick  in /home/runner/work/_temp/install_dir/qml.
[Dom][Exports] Warning: Failed to find main qmldir file for Time 1 in /home/runner/work/_temp/install_dir/qml.
QFileSystemWatcher::addPaths: list is empty
[Dom][Exports] Warning: Failed to find main qmldir file for QtQml 6 in /home/runner/work/_temp/install_dir/qml.
[Dom] Warning: Failed to find main qmldir file for QtQuick  in /home/runner/work/_temp/install_dir/qml.
[Dom][Exports] Warning: Failed to find main qmldir file for Time 1 in /home/runner/work/_temp/install_dir/qml.
QFileSystemWatcher::addPaths: list is empty
[Dom][Exports] Warning: Failed to find main qmldir file for QtQml 6 in /home/runner/work/_temp/install_dir/qml.
[Dom] Warning: Failed to find main qmldir file for QtQuick  in /home/runner/work/_temp/install_dir/qml.
[Dom][Exports] Warning: Failed to find main qmldir file for Time 1 in /home/runner/work/_temp/install_dir/qml.
QFileSystemWatcher::addPaths: list is empty
[Dom][Exports] Warning: Failed to find main qmldir file for QtQml 6 in /home/runner/work/_temp/install_dir/qml.
[Dom] Warning: Failed to find main qmldir file for QtQuick  in /home/runner/work/_temp/install_dir/qml.
[Dom][Exports] Warning: Failed to find main qmldir file for Time 1 in /home/runner/work/_temp/install_dir/qml.
QFileSystemWatcher::addPaths: list is empty
qt.qmldom: Parsed invalid file /home/khalyl/.config/quickshell/Clock.qml/home/khalyl/.config/quickshell/Clock.qml:9:13: [Dom][QmlFile][Parsing] Error: Expected token `,' for .currentItem

QFileSystemWatcher::addPaths: list is empty
qt.languageserver.server: avoid update of validDoc to  50 of document "file:///home/khalyl/.config/quickshell/Clock.qml" as it is invalid
[Dom][Exports] Warning: Failed to find main qmldir file for QtQml 6 in /home/runner/work/_temp/install_dir/qml.
[Dom] Warning: Failed to find main qmldir file for QtQuick  in /home/runner/work/_temp/install_dir/qml.
[Dom][Exports] Warning: Failed to find main qmldir file for Time 1 in /home/runner/work/_temp/install_dir/qml.
QFileSystemWatcher::addPaths: list is empty
[Dom][Exports] Warning: Failed to find main qmldir file for QtQml 6 in /home/runner/work/_temp/install_dir/qml.
[Dom] Warning: Failed to find main qmldir file for Quickshell  in /home/runner/work/_temp/install_dir/qml.
QFileSystemWatcher::addPaths: list is empty
[Dom][Exports] Warning: Failed to find main qmldir file for QtQml 6 in /home/runner/work/_temp/install_dir/qml.
[Dom] Warning: Failed to find main qmldir file for Quickshell  in /home/runner/work/_temp/install_dir/qml.
QFileSystemWatcher::addPaths: list is empty
qt.languageserver.server: Ignoring cancellation of non in progress request QJsonValue(double, 174)
[Dom][Exports] Warning: Failed to find main qmldir file for QtQml 6 in /home/runner/work/_temp/install_dir/qml.
[Dom] Warning: Failed to find main qmldir file for Quickshell  in /home/runner/work/_temp/install_dir/qml.
QFileSystemWatcher::addPaths: list is empty
qt.qmldom: Parsed invalid file /home/khalyl/.config/quickshell/shell.qml/home/khalyl/.config/quickshell/shell.qml:2:8: [Dom][QmlFile][Parsing] Error: Expected token `numeric literal' for .currentItem

QFileSystemWatcher::addPaths: list is empty
qt.languageserver.server: avoid update of validDoc to  5 of document "file:///home/khalyl/.config/quickshell/shell.qml" as it is invalid
qt.qmldom: Parsed invalid file /home/khalyl/.config/quickshell/shell.qml/home/khalyl/.config/quickshell/shell.qml:2:8: [Dom][QmlFile][Parsing] Error: Expected token `numeric literal' for .currentItem

QFileSystemWatcher::addPaths: list is empty
qt.languageserver.server: avoid update of validDoc to  6 of document "file:///home/khalyl/.config/quickshell/shell.qml" as it is invalid
qt.qmldom: Parsed invalid file /home/khalyl/.config/quickshell/shell.qml/home/khalyl/.config/quickshell/shell.qml:2:9: [Dom][QmlFile][Parsing] Error: Expected token `numeric literal' for .currentItem

QFileSystemWatcher::addPaths: list is empty
qt.languageserver.server: avoid update of validDoc to  7 of document "file:///home/khalyl/.config/quickshell/shell.qml" as it is invalid
[Dom][Exports] Warning: Failed to find main qmldir file for QtQml 6 in /home/runner/work/_temp/install_dir/qml.
[Dom] Warning: Failed to find main qmldir file for Quickshell  in /home/runner/work/_temp/install_dir/qml.
[Dom][Exports] Warning: Failed to find main qmldir file for B 1 in /home/runner/work/_temp/install_dir/qml.
QFileSystemWatcher::addPaths: list is empty
[Dom][Exports] Warning: Failed to find main qmldir file for QtQml 6 in /home/runner/work/_temp/install_dir/qml.
[Dom] Warning: Failed to find main qmldir file for Quickshell  in /home/runner/work/_temp/install_dir/qml.
[Dom][Exports] Warning: Failed to find main qmldir file for Ba 1 in /home/runner/work/_temp/install_dir/qml.
QFileSystemWatcher::addPaths: list is empty
[Dom][Exports] Warning: Failed to find main qmldir file for QtQml 6 in /home/runner/work/_temp/install_dir/qml.
[Dom] Warning: Failed to find main qmldir file for Quickshell  in /home/runner/work/_temp/install_dir/qml.
[Dom][Exports] Warning: Failed to find main qmldir file for Bar 1 in /home/runner/work/_temp/install_dir/qml.
QFileSystemWatcher::addPaths: list is empty
[Dom][Exports] Warning: Failed to find main qmldir file for QtQml 6 in /home/runner/work/_temp/install_dir/qml.
[Dom] Warning: Failed to find main qmldir file for Quickshell  in /home/runner/work/_temp/install_dir/qml.
[Dom][Parsing] Error: Unexpected URI format in import 'Bar.'
[Dom][Exports] Warning: Failed to find main qmldir file for  -1 in /home/runner/work/_temp/install_dir/qml.
QFileSystemWatcher::addPaths: list is empty
[Dom][Exports] Warning: Failed to find main qmldir file for QtQml 6 in /home/runner/work/_temp/install_dir/qml.
[Dom] Warning: Failed to find main qmldir file for Quickshell  in /home/runner/work/_temp/install_dir/qml.
[Dom][Exports] Warning: Failed to find main qmldir file for Bar.q 1 in /home/runner/work/_temp/install_dir/qml.
QFileSystemWatcher::addPaths: list is empty
[Dom][Exports] Warning: Failed to find main qmldir file for QtQml 6 in /home/runner/work/_temp/install_dir/qml.
[Dom] Warning: Failed to find main qmldir file for Quickshell  in /home/runner/work/_temp/install_dir/qml.
[Dom][Parsing] Error: Unexpected URI format in import 'Bar.'
[Dom][Exports] Warning: Failed to find main qmldir file for  -1 in /home/runner/work/_temp/install_dir/qml.
QFileSystemWatcher::addPaths: list is empty
[Dom][Exports] Warning: Failed to find main qmldir file for QtQml 6 in /home/runner/work/_temp/install_dir/qml.
[Dom] Warning: Failed to find main qmldir file for Quickshell  in /home/runner/work/_temp/install_dir/qml.
[Dom][Exports] Warning: Failed to find main qmldir file for Bar 1 in /home/runner/work/_temp/install_dir/qml.
QFileSystemWatcher::addPaths: list is empty
[Dom][Exports] Warning: Failed to find main qmldir file for QtQml 6 in /home/runner/work/_temp/install_dir/qml.
[Dom] Warning: Failed to find main qmldir file for Quickshell  in /home/runner/work/_temp/install_dir/qml.
[Dom][Exports] Warning: Failed to find main qmldir file for Bars 1 in /home/runner/work/_temp/install_dir/qml.
QFileSystemWatcher::addPaths: list is empty
[Dom][Exports] Warning: Failed to find main qmldir file for QtQml 6 in /home/runner/work/_temp/install_dir/qml.
[Dom] Warning: Failed to find main qmldir file for Quickshell  in /home/runner/work/_temp/install_dir/qml.
[Dom][Exports] Warning: Failed to find main qmldir file for Bar 1 in /home/runner/work/_temp/install_dir/qml.
QFileSystemWatcher::addPaths: list is empty
[Dom][Universe] Error: Could not detect type of file 
[Dom] Error: Unexpected file to load: ''
QFileSystemWatcher::addPaths: list is empty
QFileSystemWatcher::addPaths: list is empty
[Dom][Exports] Warning: Failed to find main qmldir file for QtQml 6 in /home/runner/work/_temp/install_dir/qml.
[Dom] Warning: Failed to find main qmldir file for Quickshell  in /home/runner/work/_temp/install_dir/qml.
QFileSystemWatcher::addPaths: list is empty
[Dom][Exports] Warning: Failed to find main qmldir file for QtQml 6 in /home/runner/work/_temp/install_dir/qml.
[Dom] Warning: Failed to find main qmldir file for Quickshell  in /home/runner/work/_temp/install_dir/qml.
qt.qmldom: Parsed invalid file /home/khalyl/.config/quickshell/shell.qml/home/khalyl/.config/quickshell/shell.qml:5:1: [Dom][QmlFile][Parsing] Error: Unexpected token `}' for .currentItem

QFileSystemWatcher::addPaths: list is empty
qt.languageserver.server: avoid update of validDoc to  19 of document "file:///home/khalyl/.config/quickshell/shell.qml" as it is invalid
[Dom][Exports] Warning: Failed to find main qmldir file for QtQml 6 in /home/runner/work/_temp/install_dir/qml.
[Dom] Warning: Failed to find main qmldir file for Quickshell  in /home/runner/work/_temp/install_dir/qml.
QFileSystemWatcher::addPaths: list is empty
qt.qmldom: Parsed invalid file /home/khalyl/.config/quickshell/shell.qml/home/khalyl/.config/quickshell/shell.qml:[Dom][QmlFile][Parsing] Error: Expected token `}' for .currentItem

QFileSystemWatcher::addPaths: list is empty
qt.languageserver.server: docUpdate: version 21 of document "file:///home/khalyl/.config/quickshell/shell.qml" is not the latest anymore
[Dom][Exports] Warning: Failed to find main qmldir file for QtQml 6 in /home/runner/work/_temp/install_dir/qml.
[Dom] Warning: Failed to find main qmldir file for Quickshell  in /home/runner/work/_temp/install_dir/qml.
QFileSystemWatcher::addPaths: list is empty
[Dom][Exports] Warning: Failed to find main qmldir file for QtQml 6 in /home/runner/work/_temp/install_dir/qml.
[Dom] Warning: Failed to find main qmldir file for Quickshell  in /home/runner/work/_temp/install_dir/qml.
QFileSystemWatcher::addPaths: list is empty
[Dom][Universe] Error: Could not detect type of file 
[Dom] Error: Unexpected file to load: ''
QFileSystemWatcher::addPaths: list is empty
[Dom][Exports] Warning: Failed to find main qmldir file for QtQml 6 in /home/runner/work/_temp/install_dir/qml.
[Dom] Warning: Failed to find main qmldir file for Quickshell  in /home/runner/work/_temp/install_dir/qml.
QFileSystemWatcher::addPaths: list is empty
[Dom][Exports] Warning: Failed to find main qmldir file for QtQml 6 in /home/runner/work/_temp/install_dir/qml.
[Dom] Warning: Failed to find main qmldir file for Quickshell  in /home/runner/work/_temp/install_dir/qml.
QFileSystemWatcher::addPaths: list is empty
[Dom][Exports] Warning: Failed to find main qmldir file for QtQml 6 in /home/runner/work/_temp/install_dir/qml.
[Dom] Warning: Failed to find main qmldir file for QtQuick  in /home/runner/work/_temp/install_dir/qml.
[Dom] Warning: Failed to find main qmldir file for Quickshell  in /home/runner/work/_temp/install_dir/qml.
[Dom] Warning: Failed to find main qmldir file for Quickshell.Hyprland  in /home/runner/work/_temp/install_dir/qml.
[Dom] Warning: Failed to find main qmldir file for Quickshell.Io  in /home/runner/work/_temp/install_dir/qml.
[Dom] Warning: Failed to find main qmldir file for QtQuick  in /home/runner/work/_temp/install_dir/qml.
[Dom] Warning: Failed to find main qmldir file for QtQuick.Layouts  in /home/runner/work/_temp/install_dir/qml.
QFileSystemWatcher::addPaths: list is empty
[Dom][Exports] Warning: Failed to find main qmldir file for QtQml 6 in /home/runner/work/_temp/install_dir/qml.
[Dom] Warning: Failed to find main qmldir file for QtQuick  in /home/runner/work/_temp/install_dir/qml.
[Dom] Warning: Failed to find main qmldir file for Quickshell  in /home/runner/work/_temp/install_dir/qml.
[Dom] Warning: Failed to find main qmldir file for Quickshell.Hyprland  in /home/runner/work/_temp/install_dir/qml.
[Dom] Warning: Failed to find main qmldir file for Quickshell.Io  in /home/runner/work/_temp/install_dir/qml.
[Dom] Warning: Failed to find main qmldir file for QtQuick  in /home/runner/work/_temp/install_dir/qml.
[Dom] Warning: Failed to find main qmldir file for QtQuick.Layouts  in /home/runner/work/_temp/install_dir/qml.
qt.qmldom: Parsed invalid file /home/khalyl/.config/quickshell/Bar.qml/home/khalyl/.config/quickshell/Bar.qml:8:1: [Dom][QmlFile][Parsing] Error: Unexpected token `identifier' for .currentItem

QFileSystemWatcher::addPaths: list is empty
qt.languageserver.server: avoid update of validDoc to  3 of document "file:///home/khalyl/.config/quickshell/Bar.qml" as it is invalid
qt.languageserver.completions: No valid document for completions for  "file:///home/khalyl/.config/quickshell/Bar.qml"
qt.languageserver.server: Ignoring cancellation of non in progress request QJsonValue(double, 281)
[Dom][Exports] Warning: Failed to find main qmldir file for QtQml 6 in /home/runner/work/_temp/install_dir/qml.
[Dom] Warning: Failed to find main qmldir file for QtQuick  in /home/runner/work/_temp/install_dir/qml.
[Dom] Warning: Failed to find main qmldir file for Quickshell  in /home/runner/work/_temp/install_dir/qml.
[Dom] Warning: Failed to find main qmldir file for Quickshell.Hyprland  in /home/runner/work/_temp/install_dir/qml.
[Dom] Warning: Failed to find main qmldir file for Quickshell.Io  in /home/runner/work/_temp/install_dir/qml.
[Dom] Warning: Failed to find main qmldir file for QtQuick  in /home/runner/work/_temp/install_dir/qml.
[Dom] Warning: Failed to find main qmldir file for QtQuick.Layouts  in /home/runner/work/_temp/install_dir/qml.
qt.qmldom: Parsed invalid file /home/khalyl/.config/quickshell/Bar.qml/home/khalyl/.config/quickshell/Bar.qml:8:1: [Dom][QmlFile][Parsing] Error: Unexpected token `identifier' for .currentItem

QFileSystemWatcher::addPaths: list is empty
qt.languageserver.server: avoid update of validDoc to  4 of document "file:///home/khalyl/.config/quickshell/Bar.qml" as it is invalid
[Dom][Exports] Warning: Failed to find main qmldir file for QtQml 6 in /home/runner/work/_temp/install_dir/qml.
[Dom] Warning: Failed to find main qmldir file for QtQuick  in /home/runner/work/_temp/install_dir/qml.
[Dom] Warning: Failed to find main qmldir file for Quickshell  in /home/runner/work/_temp/install_dir/qml.
[Dom] Warning: Failed to find main qmldir file for Quickshell.Hyprland  in /home/runner/work/_temp/install_dir/qml.
[Dom] Warning: Failed to find main qmldir file for Quickshell.Io  in /home/runner/work/_temp/install_dir/qml.
[Dom] Warning: Failed to find main qmldir file for QtQuick  in /home/runner/work/_temp/install_dir/qml.
[Dom] Warning: Failed to find main qmldir file for QtQuick.Layouts  in /home/runner/work/_temp/install_dir/qml.
qt.qmldom: Parsed invalid file /home/khalyl/.config/quickshell/Bar.qml/home/khalyl/.config/quickshell/Bar.qml:8:1: [Dom][QmlFile][Parsing] Error: Unexpected token `identifier' for .currentItem

QFileSystemWatcher::addPaths: list is empty
qt.languageserver.server: avoid update of validDoc to  5 of document "file:///home/khalyl/.config/quickshell/Bar.qml" as it is invalid
[Dom][Exports] Warning: Failed to find main qmldir file for QtQml 6 in /home/runner/work/_temp/install_dir/qml.
[Dom] Warning: Failed to find main qmldir file for QtQuick  in /home/runner/work/_temp/install_dir/qml.
[Dom] Warning: Failed to find main qmldir file for Quickshell  in /home/runner/work/_temp/install_dir/qml.
[Dom] Warning: Failed to find main qmldir file for Quickshell.Hyprland  in /home/runner/work/_temp/install_dir/qml.
[Dom] Warning: Failed to find main qmldir file for Quickshell.Io  in /home/runner/work/_temp/install_dir/qml.
[Dom] Warning: Failed to find main qmldir file for QtQuick  in /home/runner/work/_temp/install_dir/qml.
[Dom] Warning: Failed to find main qmldir file for QtQuick.Layouts  in /home/runner/work/_temp/install_dir/qml.
qt.qmldom: Parsed invalid file /home/khalyl/.config/quickshell/Bar.qml/home/khalyl/.config/quickshell/Bar.qml:8:1: [Dom][QmlFile][Parsing] Error: Unexpected token `identifier' for .currentItem

QFileSystemWatcher::addPaths: list is empty
qt.languageserver.server: avoid update of validDoc to  6 of document "file:///home/khalyl/.config/quickshell/Bar.qml" as it is invalid
qt.languageserver.completions: No valid document for completions for  "file:///home/khalyl/.config/quickshell/Bar.qml"
[Dom][Exports] Warning: Failed to find main qmldir file for QtQml 6 in /home/runner/work/_temp/install_dir/qml.
[Dom] Warning: Failed to find main qmldir file for QtQuick  in /home/runner/work/_temp/install_dir/qml.
[Dom] Warning: Failed to find main qmldir file for Quickshell  in /home/runner/work/_temp/install_dir/qml.
[Dom] Warning: Failed to find main qmldir file for Quickshell.Hyprland  in /home/runner/work/_temp/install_dir/qml.
[Dom] Warning: Failed to find main qmldir file for Quickshell.Io  in /home/runner/work/_temp/install_dir/qml.
[Dom] Warning: Failed to find main qmldir file for QtQuick  in /home/runner/work/_temp/install_dir/qml.
[Dom] Warning: Failed to find main qmldir file for QtQuick.Layouts  in /home/runner/work/_temp/install_dir/qml.
qt.qmldom: Parsed invalid file /home/khalyl/.config/quickshell/Bar.qml/home/khalyl/.config/quickshell/Bar.qml:8:1: [Dom][QmlFile][Parsing] Error: Unexpected token `identifier' for .currentItem

QFileSystemWatcher::addPaths: list is empty
qt.languageserver.server: avoid update of validDoc to  7 of document "file:///home/khalyl/.config/quickshell/Bar.qml" as it is invalid
qt.qmldom: Parsed invalid file /home/khalyl/.config/quickshell/Bar.qml/home/khalyl/.config/quickshell/Bar.qml:8:7: [Dom][QmlFile][Parsing] Error: Expected token `;' for .currentItem

QFileSystemWatcher::addPaths: list is empty
qt.languageserver.server: avoid update of validDoc to  8 of document "file:///home/khalyl/.config/quickshell/Bar.qml" as it is invalid
qt.languageserver.completions: No valid document for completions for  "file:///home/khalyl/.config/quickshell/Bar.qml"
qt.qmldom: Parsed invalid file /home/khalyl/.config/quickshell/Bar.qml/home/khalyl/.config/quickshell/Bar.qml:8:7: [Dom][QmlFile][Parsing] Error: Expected token `;' for .currentItem

QFileSystemWatcher::addPaths: list is empty
qt.languageserver.server: avoid update of validDoc to  9 of document "file:///home/khalyl/.config/quickshell/Bar.qml" as it is invalid
[Dom][Exports] Warning: Failed to find main qmldir file for QtQml 6 in /home/runner/work/_temp/install_dir/qml.
[Dom] Warning: Failed to find main qmldir file for QtQuick  in /home/runner/work/_temp/install_dir/qml.
[Dom] Warning: Failed to find main qmldir file for Quickshell  in /home/runner/work/_temp/install_dir/qml.
[Dom] Warning: Failed to find main qmldir file for Quickshell.Hyprland  in /home/runner/work/_temp/install_dir/qml.
[Dom] Warning: Failed to find main qmldir file for Quickshell.Io  in /home/runner/work/_temp/install_dir/qml.
[Dom] Warning: Failed to find main qmldir file for QtQuick  in /home/runner/work/_temp/install_dir/qml.
[Dom] Warning: Failed to find main qmldir file for QtQuick.Layouts  in /home/runner/work/_temp/install_dir/qml.
[Dom] Error: Non existing path to load: ''
QFileSystemWatcher::addPaths: list is empty
[Dom][Exports] Warning: Failed to find main qmldir file for QtQml 6 in /home/runner/work/_temp/install_dir/qml.
[Dom] Warning: Failed to find main qmldir file for QtQuick  in /home/runner/work/_temp/install_dir/qml.
[Dom] Warning: Failed to find main qmldir file for Quickshell  in /home/runner/work/_temp/install_dir/qml.
[Dom] Warning: Failed to find main qmldir file for Quickshell.Hyprland  in /home/runner/work/_temp/install_dir/qml.
[Dom] Warning: Failed to find main qmldir file for Quickshell.Io  in /home/runner/work/_temp/install_dir/qml.
[Dom] Warning: Failed to find main qmldir file for QtQuick  in /home/runner/work/_temp/install_dir/qml.
[Dom] Warning: Failed to find main qmldir file for QtQuick.Layouts  in /home/runner/work/_temp/install_dir/qml.
QFileSystemWatcher::addPaths: list is empty
[Dom][Exports] Warning: Failed to find main qmldir file for QtQml 6 in /home/runner/work/_temp/install_dir/qml.
[Dom] Warning: Failed to find main qmldir file for QtQuick  in /home/runner/work/_temp/install_dir/qml.
[Dom] Warning: Failed to find main qmldir file for Quickshell  in /home/runner/work/_temp/install_dir/qml.
[Dom] Warning: Failed to find main qmldir file for Quickshell.Hyprland  in /home/runner/work/_temp/install_dir/qml.
[Dom] Warning: Failed to find main qmldir file for Quickshell.Io  in /home/runner/work/_temp/install_dir/qml.
[Dom] Warning: Failed to find main qmldir file for QtQuick  in /home/runner/work/_temp/install_dir/qml.
[Dom] Warning: Failed to find main qmldir file for QtQuick.Layouts  in /home/runner/work/_temp/install_dir/qml.
QFileSystemWatcher::addPaths: list is empty
[Dom][Exports] Warning: Failed to find main qmldir file for QtQml 6 in /home/runner/work/_temp/install_dir/qml.
[Dom] Warning: Failed to find main qmldir file for QtQuick  in /home/runner/work/_temp/install_dir/qml.
[Dom] Warning: Failed to find main qmldir file for Quickshell  in /home/runner/work/_temp/install_dir/qml.
[Dom] Warning: Failed to find main qmldir file for Quickshell.Hyprland  in /home/runner/work/_temp/install_dir/qml.
[Dom] Warning: Failed to find main qmldir file for Quickshell.Io  in /home/runner/work/_temp/install_dir/qml.
[Dom] Warning: Failed to find main qmldir file for QtQuick  in /home/runner/work/_temp/install_dir/qml.
[Dom] Warning: Failed to find main qmldir file for QtQuick.Layouts  in /home/runner/work/_temp/install_dir/qml.
QFileSystemWatcher::addPaths: list is empty
[Dom][Exports] Warning: Failed to find main qmldir file for QtQml 6 in /home/runner/work/_temp/install_dir/qml.
[Dom] Warning: Failed to find main qmldir file for QtQuick  in /home/runner/work/_temp/install_dir/qml.
[Dom] Warning: Failed to find main qmldir file for Quickshell  in /home/runner/work/_temp/install_dir/qml.
[Dom] Warning: Failed to find main qmldir file for Quickshell.Hyprland  in /home/runner/work/_temp/install_dir/qml.
[Dom] Warning: Failed to find main qmldir file for Quickshell.Io  in /home/runner/work/_temp/install_dir/qml.
[Dom] Warning: Failed to find main qmldir file for QtQuick  in /home/runner/work/_temp/install_dir/qml.
[Dom] Warning: Failed to find main qmldir file for QtQuick.Layouts  in /home/runner/work/_temp/install_dir/qml.
QFileSystemWatcher::addPaths: list is empty
