2025-07-24 13:55:13.715 [info] [main] Log level: Info
2025-07-24 13:55:13.715 [info] [main] Validating found git in: "git"
2025-07-24 13:55:13.715 [info] [main] Using git "2.50.1" from "git"
2025-07-24 13:55:13.715 [info] [Model][doInitialScan] Initial repository scan started
2025-07-24 13:55:13.715 [info] > git rev-parse --show-toplevel [9ms]
2025-07-24 13:55:13.715 [info] > git rev-parse --git-dir --git-common-dir [2ms]
2025-07-24 13:55:13.715 [info] [Model][openRepository] Opened repository (path): /home/khalyl/.config
2025-07-24 13:55:13.715 [info] [Model][openRepository] Opened repository (real path): /home/khalyl/.config
2025-07-24 13:55:13.716 [info] > git rev-parse --show-toplevel [5ms]
2025-07-24 13:55:13.716 [info] [Model][doInitialScan] Initial repository scan completed - repositories (1), closed repositories (0), parent repositories (0), unsafe repositories (0)
2025-07-24 13:55:13.716 [info] > git config --get commit.template [13ms]
2025-07-24 13:55:13.716 [info] > git for-each-ref --format=%(refname)%00%(upstream:short)%00%(objectname)%00%(upstream:track)%00%(upstream:remotename)%00%(upstream:remoteref) refs/heads/main refs/remotes/main [2ms]
2025-07-24 13:55:13.716 [info] > git status -z -uall [7ms]
2025-07-24 13:55:13.716 [info] > git for-each-ref --sort -committerdate --format %(refname)%00%(objectname)%00%(*objectname) [6ms]
2025-07-24 13:55:13.716 [info] > git for-each-ref --format=%(refname)%00%(upstream:short)%00%(objectname)%00%(upstream:track)%00%(upstream:remotename)%00%(upstream:remoteref) refs/heads/main refs/remotes/main [41ms]
2025-07-24 13:55:13.716 [info] > git config --get --local branch.main.vscode-merge-base [64ms]
2025-07-24 13:55:13.767 [info] > git for-each-ref --format=%(refname)%00%(upstream:short)%00%(objectname)%00%(upstream:track)%00%(upstream:remotename)%00%(upstream:remoteref) refs/heads/origin/main refs/remotes/origin/main [2043ms]
2025-07-24 13:55:13.788 [info] > git config --get commit.template [2076ms]
2025-07-24 13:55:13.886 [info] > git check-ignore -v -z --stdin [83ms]
2025-07-24 13:55:13.887 [info] > git merge-base refs/heads/main refs/remotes/origin/main [101ms]
2025-07-24 13:55:13.970 [info] > git diff --name-status -z --diff-filter=ADMR 47f0fb1107964d242736689fef314f190602f551...refs/remotes/origin/main [67ms]
2025-07-24 13:55:13.981 [info] > git for-each-ref --format=%(refname)%00%(upstream:short)%00%(objectname)%00%(upstream:track)%00%(upstream:remotename)%00%(upstream:remoteref) refs/heads/main refs/remotes/main [53ms]
2025-07-24 13:55:14.590 [info] > git status -z -uall [40ms]
2025-07-24 13:55:14.590 [info] > git for-each-ref --sort -committerdate --format %(refname)%00%(objectname)%00%(*objectname) [24ms]
2025-07-24 13:55:15.120 [info] > git config --get commit.template [10ms]
2025-07-24 13:55:15.178 [info] > git for-each-ref --format=%(refname)%00%(upstream:short)%00%(objectname)%00%(upstream:track)%00%(upstream:remotename)%00%(upstream:remoteref) refs/heads/main refs/remotes/main [4ms]
2025-07-24 13:55:15.227 [info] > git status -z -uall [25ms]
2025-07-24 13:55:15.227 [info] > git for-each-ref --sort -committerdate --format %(refname)%00%(objectname)%00%(*objectname) [7ms]
2025-07-24 13:55:18.861 [info] > git config --get commit.template [3ms]
2025-07-24 13:55:18.889 [info] > git for-each-ref --format=%(refname)%00%(upstream:short)%00%(objectname)%00%(upstream:track)%00%(upstream:remotename)%00%(upstream:remoteref) refs/heads/main refs/remotes/main [2ms]
2025-07-24 13:55:18.951 [info] > git status -z -uall [28ms]
2025-07-24 13:55:18.958 [info] > git for-each-ref --sort -committerdate --format %(refname)%00%(objectname)%00%(*objectname) [9ms]
2025-07-24 13:55:24.004 [info] > git config --get commit.template [2ms]
2025-07-24 13:55:24.030 [info] > git for-each-ref --format=%(refname)%00%(upstream:short)%00%(objectname)%00%(upstream:track)%00%(upstream:remotename)%00%(upstream:remoteref) refs/heads/main refs/remotes/main [2ms]
2025-07-24 13:55:24.089 [info] > git status -z -uall [33ms]
2025-07-24 13:55:24.092 [info] > git for-each-ref --sort -committerdate --format %(refname)%00%(objectname)%00%(*objectname) [5ms]
2025-07-24 13:55:29.136 [info] > git config --get commit.template [2ms]
2025-07-24 13:55:29.166 [info] > git for-each-ref --format=%(refname)%00%(upstream:short)%00%(objectname)%00%(upstream:track)%00%(upstream:remotename)%00%(upstream:remoteref) refs/heads/main refs/remotes/main [2ms]
2025-07-24 13:55:29.234 [info] > git status -z -uall [35ms]
2025-07-24 13:55:29.238 [info] > git for-each-ref --sort -committerdate --format %(refname)%00%(objectname)%00%(*objectname) [6ms]
2025-07-24 13:55:34.284 [info] > git config --get commit.template [1ms]
2025-07-24 13:55:34.320 [info] > git for-each-ref --format=%(refname)%00%(upstream:short)%00%(objectname)%00%(upstream:track)%00%(upstream:remotename)%00%(upstream:remoteref) refs/heads/main refs/remotes/main [4ms]
2025-07-24 13:55:34.378 [info] > git status -z -uall [30ms]
2025-07-24 13:55:34.380 [info] > git for-each-ref --sort -committerdate --format %(refname)%00%(objectname)%00%(*objectname) [3ms]
2025-07-24 13:55:40.795 [info] > git config --get commit.template [1ms]
2025-07-24 13:55:40.827 [info] > git for-each-ref --format=%(refname)%00%(upstream:short)%00%(objectname)%00%(upstream:track)%00%(upstream:remotename)%00%(upstream:remoteref) refs/heads/main refs/remotes/main [3ms]
2025-07-24 13:55:40.885 [info] > git status -z -uall [33ms]
2025-07-24 13:55:40.888 [info] > git for-each-ref --sort -committerdate --format %(refname)%00%(objectname)%00%(*objectname) [5ms]
