2025-07-24 13:43:47.348 [info] Reading sessions from keychain...
2025-07-24 13:43:47.349 [info] Getting sessions for all scopes...
2025-07-24 13:43:47.349 [info] Got 0 sessions for ...
2025-07-24 13:43:47.349 [info] Getting sessions for all scopes...
2025-07-24 13:43:47.349 [info] Got 0 sessions for ...
2025-07-24 13:43:47.349 [info] Getting sessions for all scopes...
2025-07-24 13:43:47.349 [info] Got 0 sessions for ...
2025-07-24 13:43:47.349 [info] Getting sessions for all scopes...
2025-07-24 13:43:47.349 [info] Got 0 sessions for ...
2025-07-24 13:43:47.349 [info] Getting sessions for all scopes...
2025-07-24 13:43:47.349 [info] Got 0 sessions for ...
2025-07-24 13:43:47.349 [info] Getting sessions for all scopes...
2025-07-24 13:43:47.349 [info] Got 0 sessions for ...
2025-07-24 13:43:47.349 [info] Getting sessions for all scopes...
2025-07-24 13:43:47.349 [info] Got 0 sessions for ...
2025-07-24 13:43:47.349 [info] Getting sessions for all scopes...
2025-07-24 13:43:47.349 [info] Got 0 sessions for ...
2025-07-24 13:43:47.349 [info] Getting sessions for all scopes...
2025-07-24 13:43:47.349 [info] Got 0 sessions for ...
2025-07-24 13:43:47.349 [info] Getting sessions for all scopes...
2025-07-24 13:43:47.349 [info] Got 0 sessions for ...
2025-07-24 13:43:47.349 [info] Getting sessions for all scopes...
2025-07-24 13:43:47.349 [info] Got 0 sessions for ...
2025-07-24 13:43:47.349 [info] Getting sessions for all scopes...
2025-07-24 13:43:47.349 [info] Got 0 sessions for ...
2025-07-24 13:43:47.349 [info] Getting sessions for all scopes...
2025-07-24 13:43:47.349 [info] Got 0 sessions for ...
2025-07-24 13:43:47.349 [info] Getting sessions for all scopes...
2025-07-24 13:43:47.349 [info] Got 0 sessions for ...
2025-07-24 13:43:47.349 [info] Getting sessions for all scopes...
2025-07-24 13:43:47.349 [info] Got 0 sessions for ...
2025-07-24 13:43:50.139 [info] Getting sessions for all scopes...
2025-07-24 13:43:50.139 [info] Got 0 sessions for ...
2025-07-24 13:43:50.140 [info] Getting sessions for all scopes...
2025-07-24 13:43:50.140 [info] Got 0 sessions for ...
2025-07-24 13:43:50.150 [info] Getting sessions for all scopes...
2025-07-24 13:43:50.150 [info] Got 0 sessions for ...
2025-07-24 13:45:01.853 [info] Reading sessions from keychain...
2025-07-24 13:45:01.853 [info] Getting sessions for all scopes...
2025-07-24 13:45:01.853 [info] Got 0 sessions for ...
2025-07-24 13:45:01.853 [info] Getting sessions for all scopes...
2025-07-24 13:45:01.853 [info] Got 0 sessions for ...
2025-07-24 13:45:01.853 [info] Getting sessions for all scopes...
2025-07-24 13:45:01.853 [info] Got 0 sessions for ...
2025-07-24 13:45:01.853 [info] Getting sessions for all scopes...
2025-07-24 13:45:01.853 [info] Got 0 sessions for ...
2025-07-24 13:45:01.853 [info] Getting sessions for all scopes...
2025-07-24 13:45:01.854 [info] Got 0 sessions for ...
2025-07-24 13:45:01.854 [info] Getting sessions for all scopes...
2025-07-24 13:45:01.854 [info] Got 0 sessions for ...
2025-07-24 13:45:01.854 [info] Getting sessions for all scopes...
2025-07-24 13:45:01.854 [info] Got 0 sessions for ...
2025-07-24 13:45:01.854 [info] Getting sessions for all scopes...
2025-07-24 13:45:01.854 [info] Got 0 sessions for ...
2025-07-24 13:45:01.854 [info] Getting sessions for all scopes...
2025-07-24 13:45:01.854 [info] Got 0 sessions for ...
2025-07-24 13:45:01.854 [info] Getting sessions for all scopes...
2025-07-24 13:45:01.854 [info] Got 0 sessions for ...
2025-07-24 13:45:01.855 [info] Getting sessions for all scopes...
2025-07-24 13:45:01.855 [info] Got 0 sessions for ...
2025-07-24 13:45:01.855 [info] Getting sessions for all scopes...
2025-07-24 13:45:01.855 [info] Got 0 sessions for ...
2025-07-24 13:45:01.863 [info] Getting sessions for all scopes...
2025-07-24 13:45:01.863 [info] Got 0 sessions for ...
2025-07-24 13:45:01.863 [info] Getting sessions for all scopes...
2025-07-24 13:45:01.863 [info] Got 0 sessions for ...
2025-07-24 13:45:01.863 [info] Getting sessions for all scopes...
2025-07-24 13:45:01.863 [info] Got 0 sessions for ...
2025-07-24 13:45:02.103 [info] Getting sessions for all scopes...
2025-07-24 13:45:02.103 [info] Got 0 sessions for ...
2025-07-24 13:45:03.552 [info] Getting sessions for all scopes...
2025-07-24 13:45:03.553 [info] Got 0 sessions for ...
2025-07-24 13:45:03.553 [info] Getting sessions for all scopes...
2025-07-24 13:45:03.553 [info] Got 0 sessions for ...
2025-07-24 13:45:03.554 [info] Getting sessions for all scopes...
2025-07-24 13:45:03.554 [info] Got 0 sessions for ...
2025-07-24 13:45:17.171 [info] Getting sessions for read:user,repo,user:email,workflow...
2025-07-24 13:45:17.171 [info] Got 0 sessions for read:user,repo,user:email,workflow...
2025-07-24 13:46:01.310 [info] Getting sessions for all scopes...
2025-07-24 13:46:01.311 [info] Got 0 sessions for ...
2025-07-24 13:46:04.864 [info] Getting sessions for all scopes...
2025-07-24 13:46:04.864 [info] Got 0 sessions for ...
2025-07-24 13:46:12.731 [info] Getting sessions for all scopes...
2025-07-24 13:46:12.732 [info] Got 0 sessions for ...
2025-07-24 13:46:13.390 [info] Getting sessions for all scopes...
2025-07-24 13:46:13.390 [info] Got 0 sessions for ...
2025-07-24 13:47:34.195 [info] Logging in with 'any' account...
2025-07-24 13:47:34.195 [info] Logging in for the following scopes: user:email
2025-07-24 13:47:34.248 [info] Trying with local server... (user:email)
2025-07-24 13:47:37.700 [info] Exchanging code for token...
2025-07-24 13:47:38.131 [info] Token exchange success!
2025-07-24 13:47:38.131 [info] Getting user info...
2025-07-24 13:47:38.657 [info] Got account info!
2025-07-24 13:47:38.658 [info] Storing 1 sessions...
2025-07-24 13:47:43.967 [info] Reading sessions from keychain...
2025-07-24 13:47:43.967 [info] Stored 1 sessions!
2025-07-24 13:47:43.968 [info] Login success!
2025-07-24 13:47:43.968 [info] Getting sessions for all scopes...
2025-07-24 13:47:43.971 [info] Got stored sessions!
2025-07-24 13:47:43.971 [info] Got 1 verified sessions.
2025-07-24 13:47:43.971 [info] Got 1 sessions for ...
2025-07-24 13:47:43.971 [info] Getting sessions for all scopes...
2025-07-24 13:47:43.971 [info] Got 1 sessions for ...
2025-07-24 13:47:43.971 [info] Getting sessions for all scopes...
2025-07-24 13:47:43.971 [info] Got 1 sessions for ...
2025-07-24 13:47:43.972 [info] Getting sessions for all scopes...
2025-07-24 13:47:43.972 [info] Got 1 sessions for ...
2025-07-24 13:47:43.973 [info] Getting sessions for read:user,repo,user:email,workflow...
2025-07-24 13:47:43.973 [info] Got 0 sessions for read:user,repo,user:email,workflow...
2025-07-24 13:48:01.323 [info] Getting sessions for all scopes...
2025-07-24 13:48:01.323 [info] Got 1 sessions for ...
2025-07-24 13:48:01.333 [info] Getting sessions for all scopes...
2025-07-24 13:48:01.333 [info] Got 1 sessions for ...
2025-07-24 13:48:01.351 [info] Getting sessions for all scopes...
2025-07-24 13:48:01.352 [info] Got 1 sessions for ...
2025-07-24 13:48:01.352 [info] Getting sessions for all scopes...
2025-07-24 13:48:01.352 [info] Got 1 sessions for ...
2025-07-24 13:48:02.044 [info] Getting sessions for read:user,repo,user:email,workflow...
2025-07-24 13:48:02.044 [info] Got 0 sessions for read:user,repo,user:email,workflow...
2025-07-24 13:48:02.045 [info] Getting sessions for all scopes...
2025-07-24 13:48:02.045 [info] Got 1 sessions for ...
2025-07-24 13:48:02.049 [info] Getting sessions for all scopes...
2025-07-24 13:48:02.049 [info] Got 1 sessions for ...
2025-07-24 13:48:02.049 [info] Getting sessions for read:user,repo,user:email,workflow...
2025-07-24 13:48:02.049 [info] Got 0 sessions for read:user,repo,user:email,workflow...
2025-07-24 13:48:02.052 [info] Getting sessions for user:email...
2025-07-24 13:48:02.052 [info] Got 1 sessions for user:email...
2025-07-24 13:48:02.052 [info] Getting sessions for read:user,repo,user:email,workflow...
2025-07-24 13:48:02.052 [info] Got 0 sessions for read:user,repo,user:email,workflow...
2025-07-24 13:48:02.055 [info] Getting sessions for read:user...
2025-07-24 13:48:02.055 [info] Got 0 sessions for read:user...
2025-07-24 13:48:02.056 [info] Getting sessions for all scopes...
2025-07-24 13:48:02.056 [info] Got 1 sessions for ...
2025-07-24 13:48:02.057 [info] Getting sessions for user:email...
2025-07-24 13:48:02.057 [info] Got 1 sessions for user:email...
2025-07-24 13:48:02.061 [info] Getting sessions for read:user,repo,user:email,workflow...
2025-07-24 13:48:02.061 [info] Got 0 sessions for read:user,repo,user:email,workflow...
2025-07-24 13:48:02.191 [info] Getting sessions for user:email...
2025-07-24 13:48:02.191 [info] Got 1 sessions for user:email...
2025-07-24 13:48:02.193 [info] Getting sessions for all scopes...
2025-07-24 13:48:02.193 [info] Got 1 sessions for ...
2025-07-24 13:48:02.197 [info] Getting sessions for read:user,repo,user:email,workflow...
2025-07-24 13:48:02.197 [info] Got 0 sessions for read:user,repo,user:email,workflow...
2025-07-24 13:48:02.199 [info] Getting sessions for user:email...
2025-07-24 13:48:02.199 [info] Got 1 sessions for user:email...
2025-07-24 13:48:02.364 [info] Getting sessions for all scopes...
2025-07-24 13:48:02.364 [info] Got 1 sessions for ...
2025-07-24 13:48:02.375 [info] Getting sessions for read:user,repo,user:email,workflow...
2025-07-24 13:48:02.375 [info] Got 0 sessions for read:user,repo,user:email,workflow...
2025-07-24 13:48:02.377 [info] Getting sessions for user:email...
2025-07-24 13:48:02.377 [info] Got 1 sessions for user:email...
2025-07-24 13:48:02.739 [info] Getting sessions for all scopes...
2025-07-24 13:48:02.739 [info] Got 1 sessions for ...
2025-07-24 13:48:02.745 [info] Getting sessions for read:user,repo,user:email,workflow...
2025-07-24 13:48:02.745 [info] Got 0 sessions for read:user,repo,user:email,workflow...
2025-07-24 13:48:02.768 [info] Getting sessions for all scopes...
2025-07-24 13:48:02.768 [info] Got 1 sessions for ...
2025-07-24 13:48:02.769 [info] Getting sessions for user:email...
2025-07-24 13:48:02.769 [info] Got 1 sessions for user:email...
2025-07-24 13:48:02.770 [info] Getting sessions for read:user,repo,user:email,workflow...
2025-07-24 13:48:02.770 [info] Got 0 sessions for read:user,repo,user:email,workflow...
2025-07-24 13:48:02.771 [info] Getting sessions for read:user,repo,user:email,workflow...
2025-07-24 13:48:02.771 [info] Got 0 sessions for read:user,repo,user:email,workflow...
2025-07-24 13:48:02.772 [info] Getting sessions for all scopes...
2025-07-24 13:48:02.772 [info] Got 1 sessions for ...
2025-07-24 13:48:02.773 [info] Getting sessions for read:user,repo,user:email,workflow...
2025-07-24 13:48:02.773 [info] Got 0 sessions for read:user,repo,user:email,workflow...
2025-07-24 13:48:02.773 [info] Getting sessions for user:email...
2025-07-24 13:48:02.773 [info] Got 1 sessions for user:email...
2025-07-24 13:48:03.078 [info] Getting sessions for all scopes...
2025-07-24 13:48:03.078 [info] Got 1 sessions for ...
2025-07-24 13:48:03.079 [info] Getting sessions for all scopes...
2025-07-24 13:48:03.079 [info] Got 1 sessions for ...
2025-07-24 13:48:03.091 [info] Getting sessions for read:user,repo,user:email,workflow...
2025-07-24 13:48:03.091 [info] Got 0 sessions for read:user,repo,user:email,workflow...
2025-07-24 13:48:03.093 [info] Getting sessions for user:email...
2025-07-24 13:48:03.093 [info] Got 1 sessions for user:email...
2025-07-24 13:48:03.093 [info] Getting sessions for read:user,repo,user:email,workflow...
2025-07-24 13:48:03.093 [info] Got 0 sessions for read:user,repo,user:email,workflow...
2025-07-24 13:48:03.098 [info] Getting sessions for all scopes...
2025-07-24 13:48:03.099 [info] Got 1 sessions for ...
2025-07-24 13:48:03.103 [info] Getting sessions for read:user,repo,user:email,workflow...
2025-07-24 13:48:03.103 [info] Got 0 sessions for read:user,repo,user:email,workflow...
2025-07-24 13:48:03.104 [info] Getting sessions for user:email...
2025-07-24 13:48:03.104 [info] Got 1 sessions for user:email...
2025-07-24 13:48:03.480 [info] Getting sessions for all scopes...
2025-07-24 13:48:03.480 [info] Got 1 sessions for ...
2025-07-24 13:48:03.485 [info] Getting sessions for all scopes...
2025-07-24 13:48:03.485 [info] Got 1 sessions for ...
2025-07-24 13:48:03.508 [info] Getting sessions for read:user,repo,user:email,workflow...
2025-07-24 13:48:03.508 [info] Got 0 sessions for read:user,repo,user:email,workflow...
2025-07-24 13:48:03.515 [info] Getting sessions for user:email...
2025-07-24 13:48:03.515 [info] Got 1 sessions for user:email...
2025-07-24 13:48:03.515 [info] Getting sessions for read:user,repo,user:email,workflow...
2025-07-24 13:48:03.516 [info] Got 0 sessions for read:user,repo,user:email,workflow...
2025-07-24 13:48:03.529 [info] Getting sessions for all scopes...
2025-07-24 13:48:03.529 [info] Got 1 sessions for ...
2025-07-24 13:48:03.533 [info] Getting sessions for all scopes...
2025-07-24 13:48:03.533 [info] Got 1 sessions for ...
2025-07-24 13:48:03.551 [info] Getting sessions for all scopes...
2025-07-24 13:48:03.551 [info] Got 1 sessions for ...
2025-07-24 13:48:03.565 [info] Getting sessions for read:user,repo,user:email,workflow...
2025-07-24 13:48:03.565 [info] Got 0 sessions for read:user,repo,user:email,workflow...
2025-07-24 13:48:03.567 [info] Getting sessions for user:email...
2025-07-24 13:48:03.567 [info] Got 1 sessions for user:email...
2025-07-24 13:48:04.038 [info] Getting sessions for all scopes...
2025-07-24 13:48:04.038 [info] Got 1 sessions for ...
2025-07-24 13:48:04.041 [info] Getting sessions for read:user,repo,user:email,workflow...
2025-07-24 13:48:04.041 [info] Got 0 sessions for read:user,repo,user:email,workflow...
2025-07-24 13:48:04.043 [info] Getting sessions for user:email...
2025-07-24 13:48:04.043 [info] Got 1 sessions for user:email...
2025-07-24 13:48:04.255 [info] Getting sessions for all scopes...
2025-07-24 13:48:04.255 [info] Got 1 sessions for ...
2025-07-24 13:48:04.514 [info] Getting sessions for all scopes...
2025-07-24 13:48:04.514 [info] Got 1 sessions for ...
2025-07-24 13:48:04.516 [info] Getting sessions for read:user,repo,user:email,workflow...
2025-07-24 13:48:04.516 [info] Got 0 sessions for read:user,repo,user:email,workflow...
2025-07-24 13:48:04.518 [info] Getting sessions for user:email...
2025-07-24 13:48:04.518 [info] Got 1 sessions for user:email...
2025-07-24 13:48:08.969 [info] Getting sessions for all scopes...
2025-07-24 13:48:08.969 [info] Got 1 sessions for ...
2025-07-24 13:48:08.979 [info] Getting sessions for read:user,repo,user:email,workflow...
2025-07-24 13:48:08.979 [info] Got 0 sessions for read:user,repo,user:email,workflow...
2025-07-24 13:48:08.981 [info] Getting sessions for user:email...
2025-07-24 13:48:08.982 [info] Got 1 sessions for user:email...
2025-07-24 13:48:09.715 [info] Getting sessions for all scopes...
2025-07-24 13:48:09.715 [info] Got 1 sessions for ...
2025-07-24 13:48:09.718 [info] Getting sessions for read:user,repo,user:email,workflow...
2025-07-24 13:48:09.718 [info] Got 0 sessions for read:user,repo,user:email,workflow...
2025-07-24 13:48:09.720 [info] Getting sessions for user:email...
2025-07-24 13:48:09.720 [info] Got 1 sessions for user:email...
2025-07-24 13:48:10.242 [info] Getting sessions for all scopes...
2025-07-24 13:48:10.243 [info] Got 1 sessions for ...
2025-07-24 13:48:10.245 [info] Getting sessions for read:user,repo,user:email,workflow...
2025-07-24 13:48:10.245 [info] Got 0 sessions for read:user,repo,user:email,workflow...
2025-07-24 13:48:10.248 [info] Getting sessions for user:email...
2025-07-24 13:48:10.248 [info] Got 1 sessions for user:email...
2025-07-24 13:48:45.489 [info] Getting sessions for all scopes...
2025-07-24 13:48:45.490 [info] Got 1 sessions for ...
2025-07-24 13:48:45.492 [info] Getting sessions for read:user,repo,user:email,workflow...
2025-07-24 13:48:45.492 [info] Got 0 sessions for read:user,repo,user:email,workflow...
2025-07-24 13:48:45.494 [info] Getting sessions for user:email...
2025-07-24 13:48:45.494 [info] Got 1 sessions for user:email...
2025-07-24 13:48:46.066 [info] Getting sessions for all scopes...
2025-07-24 13:48:46.066 [info] Got 1 sessions for ...
2025-07-24 13:48:46.076 [info] Getting sessions for read:user,repo,user:email,workflow...
2025-07-24 13:48:46.076 [info] Got 0 sessions for read:user,repo,user:email,workflow...
2025-07-24 13:48:46.078 [info] Getting sessions for user:email...
2025-07-24 13:48:46.079 [info] Got 1 sessions for user:email...
2025-07-24 13:48:49.344 [info] Getting sessions for all scopes...
2025-07-24 13:48:49.344 [info] Got 1 sessions for ...
2025-07-24 13:48:49.390 [info] Getting sessions for read:user,repo,user:email,workflow...
2025-07-24 13:48:49.390 [info] Got 0 sessions for read:user,repo,user:email,workflow...
2025-07-24 13:48:49.391 [info] Getting sessions for user:email...
2025-07-24 13:48:49.391 [info] Got 1 sessions for user:email...
2025-07-24 13:49:13.976 [info] Getting sessions for all scopes...
2025-07-24 13:49:13.976 [info] Got 1 sessions for ...
2025-07-24 13:49:13.979 [info] Getting sessions for read:user,repo,user:email,workflow...
2025-07-24 13:49:13.979 [info] Got 0 sessions for read:user,repo,user:email,workflow...
2025-07-24 13:49:13.981 [info] Getting sessions for user:email...
2025-07-24 13:49:13.981 [info] Got 1 sessions for user:email...
2025-07-24 13:49:24.612 [info] Getting sessions for all scopes...
2025-07-24 13:49:24.613 [info] Got 1 sessions for ...
2025-07-24 13:49:24.614 [info] Getting sessions for read:user,repo,user:email,workflow...
2025-07-24 13:49:24.614 [info] Got 0 sessions for read:user,repo,user:email,workflow...
2025-07-24 13:49:24.616 [info] Getting sessions for user:email...
2025-07-24 13:49:24.616 [info] Got 1 sessions for user:email...
2025-07-24 13:49:28.353 [info] Getting sessions for all scopes...
2025-07-24 13:49:28.353 [info] Got 1 sessions for ...
2025-07-24 13:49:28.356 [info] Getting sessions for read:user,repo,user:email,workflow...
2025-07-24 13:49:28.356 [info] Got 0 sessions for read:user,repo,user:email,workflow...
2025-07-24 13:49:28.358 [info] Getting sessions for user:email...
2025-07-24 13:49:28.358 [info] Got 1 sessions for user:email...
2025-07-24 13:49:31.513 [info] Getting sessions for all scopes...
2025-07-24 13:49:31.513 [info] Got 1 sessions for ...
2025-07-24 13:49:31.515 [info] Getting sessions for read:user,repo,user:email,workflow...
2025-07-24 13:49:31.516 [info] Got 0 sessions for read:user,repo,user:email,workflow...
2025-07-24 13:49:31.518 [info] Getting sessions for user:email...
2025-07-24 13:49:31.518 [info] Got 1 sessions for user:email...
2025-07-24 13:49:37.781 [info] Getting sessions for all scopes...
2025-07-24 13:49:37.782 [info] Got 1 sessions for ...
2025-07-24 13:49:37.784 [info] Getting sessions for read:user,repo,user:email,workflow...
2025-07-24 13:49:37.784 [info] Got 0 sessions for read:user,repo,user:email,workflow...
2025-07-24 13:49:37.787 [info] Getting sessions for user:email...
2025-07-24 13:49:37.787 [info] Got 1 sessions for user:email...
2025-07-24 13:50:08.044 [info] Getting sessions for all scopes...
2025-07-24 13:50:08.044 [info] Got 1 sessions for ...
2025-07-24 13:50:08.046 [info] Getting sessions for read:user,repo,user:email,workflow...
2025-07-24 13:50:08.046 [info] Got 0 sessions for read:user,repo,user:email,workflow...
2025-07-24 13:50:08.047 [info] Getting sessions for user:email...
2025-07-24 13:50:08.048 [info] Got 1 sessions for user:email...
2025-07-24 13:50:11.107 [info] Getting sessions for all scopes...
2025-07-24 13:50:11.107 [info] Got 1 sessions for ...
2025-07-24 13:50:11.111 [info] Getting sessions for read:user,repo,user:email,workflow...
2025-07-24 13:50:11.111 [info] Got 0 sessions for read:user,repo,user:email,workflow...
2025-07-24 13:50:11.114 [info] Getting sessions for user:email...
2025-07-24 13:50:11.114 [info] Got 1 sessions for user:email...
2025-07-24 13:50:32.427 [info] Getting sessions for all scopes...
2025-07-24 13:50:32.427 [info] Got 1 sessions for ...
2025-07-24 13:50:32.429 [info] Getting sessions for read:user,repo,user:email,workflow...
2025-07-24 13:50:32.429 [info] Got 0 sessions for read:user,repo,user:email,workflow...
2025-07-24 13:50:32.431 [info] Getting sessions for user:email...
2025-07-24 13:50:32.431 [info] Got 1 sessions for user:email...
2025-07-24 13:50:51.341 [info] Getting sessions for all scopes...
2025-07-24 13:50:51.342 [info] Got 1 sessions for ...
2025-07-24 13:50:51.344 [info] Getting sessions for read:user,repo,user:email,workflow...
2025-07-24 13:50:51.344 [info] Got 0 sessions for read:user,repo,user:email,workflow...
2025-07-24 13:50:51.346 [info] Getting sessions for user:email...
2025-07-24 13:50:51.346 [info] Got 1 sessions for user:email...
2025-07-24 13:51:14.046 [info] Getting sessions for all scopes...
2025-07-24 13:51:14.046 [info] Got 1 sessions for ...
2025-07-24 13:51:14.048 [info] Getting sessions for read:user,repo,user:email,workflow...
2025-07-24 13:51:14.048 [info] Got 0 sessions for read:user,repo,user:email,workflow...
2025-07-24 13:51:14.050 [info] Getting sessions for user:email...
2025-07-24 13:51:14.050 [info] Got 1 sessions for user:email...
2025-07-24 13:51:27.268 [info] Getting sessions for all scopes...
2025-07-24 13:51:27.268 [info] Got 1 sessions for ...
2025-07-24 13:51:27.270 [info] Getting sessions for read:user,repo,user:email,workflow...
2025-07-24 13:51:27.270 [info] Got 0 sessions for read:user,repo,user:email,workflow...
2025-07-24 13:51:27.272 [info] Getting sessions for user:email...
2025-07-24 13:51:27.272 [info] Got 1 sessions for user:email...
2025-07-24 13:51:39.839 [info] Getting sessions for all scopes...
2025-07-24 13:51:39.839 [info] Got 1 sessions for ...
2025-07-24 13:51:39.842 [info] Getting sessions for read:user,repo,user:email,workflow...
2025-07-24 13:51:39.842 [info] Got 0 sessions for read:user,repo,user:email,workflow...
2025-07-24 13:51:39.848 [info] Getting sessions for user:email...
2025-07-24 13:51:39.848 [info] Got 1 sessions for user:email...
2025-07-24 13:51:46.575 [info] Getting sessions for all scopes...
2025-07-24 13:51:46.575 [info] Got 1 sessions for ...
2025-07-24 13:51:46.577 [info] Getting sessions for read:user,repo,user:email,workflow...
2025-07-24 13:51:46.578 [info] Got 0 sessions for read:user,repo,user:email,workflow...
2025-07-24 13:51:46.579 [info] Getting sessions for user:email...
2025-07-24 13:51:46.579 [info] Got 1 sessions for user:email...
2025-07-24 13:52:07.458 [info] Getting sessions for all scopes...
2025-07-24 13:52:07.458 [info] Got 1 sessions for ...
2025-07-24 13:52:07.460 [info] Getting sessions for read:user,repo,user:email,workflow...
2025-07-24 13:52:07.460 [info] Got 0 sessions for read:user,repo,user:email,workflow...
2025-07-24 13:52:07.463 [info] Getting sessions for user:email...
2025-07-24 13:52:07.463 [info] Got 1 sessions for user:email...
2025-07-24 13:52:10.820 [info] Getting sessions for all scopes...
2025-07-24 13:52:10.820 [info] Got 1 sessions for ...
2025-07-24 13:52:10.823 [info] Getting sessions for read:user,repo,user:email,workflow...
2025-07-24 13:52:10.823 [info] Got 0 sessions for read:user,repo,user:email,workflow...
2025-07-24 13:52:10.825 [info] Getting sessions for user:email...
2025-07-24 13:52:10.825 [info] Got 1 sessions for user:email...
2025-07-24 13:52:28.122 [info] Getting sessions for all scopes...
2025-07-24 13:52:28.122 [info] Got 1 sessions for ...
2025-07-24 13:52:28.123 [info] Getting sessions for read:user,repo,user:email,workflow...
2025-07-24 13:52:28.123 [info] Got 0 sessions for read:user,repo,user:email,workflow...
2025-07-24 13:52:28.124 [info] Getting sessions for user:email...
2025-07-24 13:52:28.124 [info] Got 1 sessions for user:email...
2025-07-24 13:52:39.798 [info] Getting sessions for all scopes...
2025-07-24 13:52:39.798 [info] Got 1 sessions for ...
2025-07-24 13:52:39.800 [info] Getting sessions for read:user,repo,user:email,workflow...
2025-07-24 13:52:39.800 [info] Got 0 sessions for read:user,repo,user:email,workflow...
2025-07-24 13:52:39.802 [info] Getting sessions for user:email...
2025-07-24 13:52:39.802 [info] Got 1 sessions for user:email...
2025-07-24 13:52:44.897 [info] Getting sessions for all scopes...
2025-07-24 13:52:44.897 [info] Got 1 sessions for ...
2025-07-24 13:52:44.900 [info] Getting sessions for read:user,repo,user:email,workflow...
2025-07-24 13:52:44.900 [info] Got 0 sessions for read:user,repo,user:email,workflow...
2025-07-24 13:52:44.905 [info] Getting sessions for user:email...
2025-07-24 13:52:44.905 [info] Got 1 sessions for user:email...
2025-07-24 13:52:56.001 [info] Getting sessions for all scopes...
2025-07-24 13:52:56.001 [info] Got 1 sessions for ...
2025-07-24 13:52:56.003 [info] Getting sessions for read:user,repo,user:email,workflow...
2025-07-24 13:52:56.003 [info] Got 0 sessions for read:user,repo,user:email,workflow...
2025-07-24 13:52:56.005 [info] Getting sessions for user:email...
2025-07-24 13:52:56.005 [info] Got 1 sessions for user:email...
2025-07-24 13:53:10.719 [info] Getting sessions for all scopes...
2025-07-24 13:53:10.719 [info] Got 1 sessions for ...
2025-07-24 13:53:10.721 [info] Getting sessions for read:user,repo,user:email,workflow...
2025-07-24 13:53:10.721 [info] Got 0 sessions for read:user,repo,user:email,workflow...
2025-07-24 13:53:10.722 [info] Getting sessions for user:email...
2025-07-24 13:53:10.722 [info] Got 1 sessions for user:email...
2025-07-24 13:53:21.549 [info] Getting sessions for all scopes...
2025-07-24 13:53:21.549 [info] Got 1 sessions for ...
2025-07-24 13:53:21.551 [info] Getting sessions for read:user,repo,user:email,workflow...
2025-07-24 13:53:21.551 [info] Got 0 sessions for read:user,repo,user:email,workflow...
2025-07-24 13:53:21.553 [info] Getting sessions for user:email...
2025-07-24 13:53:21.553 [info] Got 1 sessions for user:email...
2025-07-24 13:53:27.628 [info] Getting sessions for all scopes...
2025-07-24 13:53:27.628 [info] Got 1 sessions for ...
2025-07-24 13:53:27.631 [info] Getting sessions for read:user,repo,user:email,workflow...
2025-07-24 13:53:27.631 [info] Got 0 sessions for read:user,repo,user:email,workflow...
2025-07-24 13:53:27.633 [info] Getting sessions for user:email...
2025-07-24 13:53:27.633 [info] Got 1 sessions for user:email...
2025-07-24 13:53:48.054 [info] Getting sessions for all scopes...
2025-07-24 13:53:48.055 [info] Got 1 sessions for ...
2025-07-24 13:53:48.057 [info] Getting sessions for read:user,repo,user:email,workflow...
2025-07-24 13:53:48.057 [info] Got 0 sessions for read:user,repo,user:email,workflow...
2025-07-24 13:53:48.059 [info] Getting sessions for user:email...
2025-07-24 13:53:48.059 [info] Got 1 sessions for user:email...
2025-07-24 13:53:54.644 [info] Getting sessions for all scopes...
2025-07-24 13:53:54.644 [info] Got 1 sessions for ...
2025-07-24 13:53:54.648 [info] Getting sessions for read:user,repo,user:email,workflow...
2025-07-24 13:53:54.649 [info] Got 0 sessions for read:user,repo,user:email,workflow...
2025-07-24 13:53:54.650 [info] Getting sessions for user:email...
2025-07-24 13:53:54.650 [info] Got 1 sessions for user:email...
2025-07-24 13:53:58.899 [info] Getting sessions for all scopes...
2025-07-24 13:53:58.899 [info] Got 1 sessions for ...
2025-07-24 13:53:58.901 [info] Getting sessions for read:user,repo,user:email,workflow...
2025-07-24 13:53:58.901 [info] Got 0 sessions for read:user,repo,user:email,workflow...
2025-07-24 13:53:58.903 [info] Getting sessions for user:email...
2025-07-24 13:53:58.903 [info] Got 1 sessions for user:email...
2025-07-24 13:54:10.033 [info] Getting sessions for all scopes...
2025-07-24 13:54:10.033 [info] Got 1 sessions for ...
2025-07-24 13:54:10.035 [info] Getting sessions for read:user,repo,user:email,workflow...
2025-07-24 13:54:10.035 [info] Got 0 sessions for read:user,repo,user:email,workflow...
2025-07-24 13:54:10.048 [info] Getting sessions for user:email...
2025-07-24 13:54:10.048 [info] Got 1 sessions for user:email...
2025-07-24 13:54:15.432 [info] Getting sessions for all scopes...
2025-07-24 13:54:15.433 [info] Got 1 sessions for ...
2025-07-24 13:54:15.434 [info] Getting sessions for read:user,repo,user:email,workflow...
2025-07-24 13:54:15.434 [info] Got 0 sessions for read:user,repo,user:email,workflow...
2025-07-24 13:54:15.435 [info] Getting sessions for user:email...
2025-07-24 13:54:15.435 [info] Got 1 sessions for user:email...
