2025-07-24 14:08:38.731 [info] [main] Log level: Info
2025-07-24 14:08:38.731 [info] [main] Validating found git in: "git"
2025-07-24 14:08:38.731 [info] [main] Using git "2.50.1" from "git"
2025-07-24 14:08:38.731 [info] [Model][doInitialScan] Initial repository scan started
2025-07-24 14:08:38.731 [info] > git rev-parse --show-toplevel [10ms]
2025-07-24 14:08:38.731 [info] > git rev-parse --git-dir --git-common-dir [14ms]
2025-07-24 14:08:38.731 [info] [Model][openRepository] Opened repository (path): /home/khalyl/.config
2025-07-24 14:08:38.731 [info] [Model][openRepository] Opened repository (real path): /home/khalyl/.config
2025-07-24 14:08:38.733 [info] > git config --get commit.template [9ms]
2025-07-24 14:08:38.734 [info] > git rev-parse --show-toplevel [3ms]
2025-07-24 14:08:38.738 [info] [Model][doInitialScan] Initial repository scan completed - repositories (1), closed repositories (0), parent repositories (0), unsafe repositories (0)
2025-07-24 14:08:38.757 [info] > git rev-parse --show-toplevel [4ms]
2025-07-24 14:08:38.757 [info] > git for-each-ref --format=%(refname)%00%(upstream:short)%00%(objectname)%00%(upstream:track)%00%(upstream:remotename)%00%(upstream:remoteref) refs/heads/main refs/remotes/main [11ms]
2025-07-24 14:08:38.774 [info] > git status -z -uall [9ms]
2025-07-24 14:08:38.811 [info] > git for-each-ref --sort -committerdate --format %(refname)%00%(objectname)%00%(*objectname) [40ms]
2025-07-24 14:08:38.932 [info] > git for-each-ref --format=%(refname)%00%(upstream:short)%00%(objectname)%00%(upstream:track)%00%(upstream:remotename)%00%(upstream:remoteref) refs/heads/main refs/remotes/main [75ms]
2025-07-24 14:08:41.062 [info] > git config --get --local branch.main.vscode-merge-base [2125ms]
2025-07-24 14:08:41.086 [info] > git config --get commit.template [2161ms]
2025-07-24 14:08:41.154 [info] > git check-ignore -v -z --stdin [47ms]
2025-07-24 14:08:41.155 [info] > git for-each-ref --format=%(refname)%00%(upstream:short)%00%(objectname)%00%(upstream:track)%00%(upstream:remotename)%00%(upstream:remoteref) refs/heads/origin/main refs/remotes/origin/main [70ms]
2025-07-24 14:08:41.231 [info] > git merge-base refs/heads/main refs/remotes/origin/main [63ms]
2025-07-24 14:08:41.250 [info] > git for-each-ref --format=%(refname)%00%(upstream:short)%00%(objectname)%00%(upstream:track)%00%(upstream:remotename)%00%(upstream:remoteref) refs/heads/main refs/remotes/main [58ms]
2025-07-24 14:08:41.424 [info] > git diff --name-status -z --diff-filter=ADMR 47f0fb1107964d242736689fef314f190602f551...refs/remotes/origin/main [181ms]
2025-07-24 14:08:41.860 [info] > git status -z -uall [41ms]
2025-07-24 14:08:41.861 [info] > git for-each-ref --sort -committerdate --format %(refname)%00%(objectname)%00%(*objectname) [26ms]
2025-07-24 14:08:42.373 [info] > git config --get commit.template [27ms]
2025-07-24 14:08:42.395 [info] > git for-each-ref --format=%(refname)%00%(upstream:short)%00%(objectname)%00%(upstream:track)%00%(upstream:remotename)%00%(upstream:remoteref) refs/heads/main refs/remotes/main [5ms]
2025-07-24 14:08:42.430 [info] > git status -z -uall [16ms]
2025-07-24 14:08:42.431 [info] > git for-each-ref --sort -committerdate --format %(refname)%00%(objectname)%00%(*objectname) [3ms]
2025-07-24 14:08:46.141 [info] > git config --get commit.template [28ms]
2025-07-24 14:08:46.142 [info] > git for-each-ref --format=%(refname)%00%(upstream:short)%00%(objectname)%00%(upstream:track)%00%(upstream:remotename)%00%(upstream:remoteref) refs/heads/main refs/remotes/main [2ms]
2025-07-24 14:08:46.185 [info] > git status -z -uall [16ms]
2025-07-24 14:08:46.197 [info] > git for-each-ref --sort -committerdate --format %(refname)%00%(objectname)%00%(*objectname) [13ms]
2025-07-24 14:08:51.235 [info] > git config --get commit.template [1ms]
2025-07-24 14:08:51.261 [info] > git for-each-ref --format=%(refname)%00%(upstream:short)%00%(objectname)%00%(upstream:track)%00%(upstream:remotename)%00%(upstream:remoteref) refs/heads/main refs/remotes/main [2ms]
2025-07-24 14:08:51.320 [info] > git status -z -uall [30ms]
2025-07-24 14:08:51.324 [info] > git for-each-ref --sort -committerdate --format %(refname)%00%(objectname)%00%(*objectname) [5ms]
2025-07-24 14:08:56.387 [info] > git config --get commit.template [25ms]
2025-07-24 14:08:56.387 [info] > git for-each-ref --format=%(refname)%00%(upstream:short)%00%(objectname)%00%(upstream:track)%00%(upstream:remotename)%00%(upstream:remoteref) refs/heads/main refs/remotes/main [2ms]
2025-07-24 14:08:56.434 [info] > git status -z -uall [21ms]
2025-07-24 14:08:56.436 [info] > git for-each-ref --sort -committerdate --format %(refname)%00%(objectname)%00%(*objectname) [3ms]
2025-07-24 14:09:01.476 [info] > git config --get commit.template [2ms]
2025-07-24 14:09:01.502 [info] > git for-each-ref --format=%(refname)%00%(upstream:short)%00%(objectname)%00%(upstream:track)%00%(upstream:remotename)%00%(upstream:remoteref) refs/heads/main refs/remotes/main [2ms]
2025-07-24 14:09:01.555 [info] > git status -z -uall [26ms]
2025-07-24 14:09:01.557 [info] > git for-each-ref --sort -committerdate --format %(refname)%00%(objectname)%00%(*objectname) [3ms]
2025-07-24 14:09:06.629 [info] > git config --get commit.template [37ms]
2025-07-24 14:09:06.631 [info] > git for-each-ref --format=%(refname)%00%(upstream:short)%00%(objectname)%00%(upstream:track)%00%(upstream:remotename)%00%(upstream:remoteref) refs/heads/main refs/remotes/main [4ms]
2025-07-24 14:09:06.696 [info] > git status -z -uall [30ms]
2025-07-24 14:09:06.699 [info] > git for-each-ref --sort -committerdate --format %(refname)%00%(objectname)%00%(*objectname) [4ms]
2025-07-24 14:09:11.738 [info] > git config --get commit.template [2ms]
2025-07-24 14:09:11.765 [info] > git for-each-ref --format=%(refname)%00%(upstream:short)%00%(objectname)%00%(upstream:track)%00%(upstream:remotename)%00%(upstream:remoteref) refs/heads/main refs/remotes/main [2ms]
2025-07-24 14:09:11.823 [info] > git status -z -uall [31ms]
2025-07-24 14:09:11.826 [info] > git for-each-ref --sort -committerdate --format %(refname)%00%(objectname)%00%(*objectname) [3ms]
2025-07-24 14:09:16.878 [info] > git config --get commit.template [22ms]
2025-07-24 14:09:16.881 [info] > git for-each-ref --format=%(refname)%00%(upstream:short)%00%(objectname)%00%(upstream:track)%00%(upstream:remotename)%00%(upstream:remoteref) refs/heads/main refs/remotes/main [4ms]
2025-07-24 14:09:16.918 [info] > git status -z -uall [16ms]
2025-07-24 14:09:16.920 [info] > git for-each-ref --sort -committerdate --format %(refname)%00%(objectname)%00%(*objectname) [3ms]
2025-07-24 14:10:20.513 [info] > git config --get commit.template [2ms]
2025-07-24 14:10:20.546 [info] > git for-each-ref --format=%(refname)%00%(upstream:short)%00%(objectname)%00%(upstream:track)%00%(upstream:remotename)%00%(upstream:remoteref) refs/heads/main refs/remotes/main [6ms]
2025-07-24 14:10:20.607 [info] > git status -z -uall [27ms]
2025-07-24 14:10:20.609 [info] > git for-each-ref --sort -committerdate --format %(refname)%00%(objectname)%00%(*objectname) [3ms]
2025-07-24 14:10:25.660 [info] > git config --get commit.template [19ms]
2025-07-24 14:10:25.661 [info] > git for-each-ref --format=%(refname)%00%(upstream:short)%00%(objectname)%00%(upstream:track)%00%(upstream:remotename)%00%(upstream:remoteref) refs/heads/main refs/remotes/main [2ms]
2025-07-24 14:10:25.695 [info] > git status -z -uall [18ms]
2025-07-24 14:10:25.696 [info] > git for-each-ref --sort -committerdate --format %(refname)%00%(objectname)%00%(*objectname) [2ms]
2025-07-24 14:10:30.731 [info] > git config --get commit.template [1ms]
2025-07-24 14:10:30.759 [info] > git for-each-ref --format=%(refname)%00%(upstream:short)%00%(objectname)%00%(upstream:track)%00%(upstream:remotename)%00%(upstream:remoteref) refs/heads/main refs/remotes/main [2ms]
2025-07-24 14:10:30.826 [info] > git status -z -uall [34ms]
2025-07-24 14:10:30.829 [info] > git for-each-ref --sort -committerdate --format %(refname)%00%(objectname)%00%(*objectname) [5ms]
2025-07-24 14:10:35.874 [info] > git config --get commit.template [2ms]
2025-07-24 14:10:35.911 [info] > git for-each-ref --format=%(refname)%00%(upstream:short)%00%(objectname)%00%(upstream:track)%00%(upstream:remotename)%00%(upstream:remoteref) refs/heads/main refs/remotes/main [4ms]
2025-07-24 14:10:35.962 [info] > git status -z -uall [28ms]
2025-07-24 14:10:35.964 [info] > git for-each-ref --sort -committerdate --format %(refname)%00%(objectname)%00%(*objectname) [3ms]
2025-07-24 14:10:44.477 [info] > git config --get commit.template [18ms]
2025-07-24 14:10:44.478 [info] > git for-each-ref --format=%(refname)%00%(upstream:short)%00%(objectname)%00%(upstream:track)%00%(upstream:remotename)%00%(upstream:remoteref) refs/heads/main refs/remotes/main [2ms]
2025-07-24 14:10:44.517 [info] > git status -z -uall [19ms]
2025-07-24 14:10:44.518 [info] > git for-each-ref --sort -committerdate --format %(refname)%00%(objectname)%00%(*objectname) [2ms]
2025-07-24 14:10:50.311 [info] > git config --get commit.template [1ms]
2025-07-24 14:10:50.338 [info] > git for-each-ref --format=%(refname)%00%(upstream:short)%00%(objectname)%00%(upstream:track)%00%(upstream:remotename)%00%(upstream:remoteref) refs/heads/main refs/remotes/main [2ms]
2025-07-24 14:10:50.392 [info] > git status -z -uall [28ms]
2025-07-24 14:10:50.395 [info] > git for-each-ref --sort -committerdate --format %(refname)%00%(objectname)%00%(*objectname) [5ms]
2025-07-24 14:10:55.439 [info] > git config --get commit.template [1ms]
2025-07-24 14:10:55.466 [info] > git for-each-ref --format=%(refname)%00%(upstream:short)%00%(objectname)%00%(upstream:track)%00%(upstream:remotename)%00%(upstream:remoteref) refs/heads/main refs/remotes/main [2ms]
2025-07-24 14:10:55.523 [info] > git status -z -uall [31ms]
2025-07-24 14:10:55.524 [info] > git for-each-ref --sort -committerdate --format %(refname)%00%(objectname)%00%(*objectname) [7ms]
2025-07-24 14:11:00.570 [info] > git config --get commit.template [3ms]
2025-07-24 14:11:00.598 [info] > git for-each-ref --format=%(refname)%00%(upstream:short)%00%(objectname)%00%(upstream:track)%00%(upstream:remotename)%00%(upstream:remoteref) refs/heads/main refs/remotes/main [2ms]
2025-07-24 14:11:00.662 [info] > git status -z -uall [30ms]
2025-07-24 14:11:00.664 [info] > git for-each-ref --sort -committerdate --format %(refname)%00%(objectname)%00%(*objectname) [4ms]
2025-07-24 14:11:05.704 [info] > git config --get commit.template [1ms]
2025-07-24 14:11:05.722 [info] > git for-each-ref --format=%(refname)%00%(upstream:short)%00%(objectname)%00%(upstream:track)%00%(upstream:remotename)%00%(upstream:remoteref) refs/heads/main refs/remotes/main [2ms]
2025-07-24 14:11:05.778 [info] > git status -z -uall [23ms]
2025-07-24 14:11:05.783 [info] > git for-each-ref --sort -committerdate --format %(refname)%00%(objectname)%00%(*objectname) [6ms]
2025-07-24 14:11:10.823 [info] > git config --get commit.template [2ms]
2025-07-24 14:11:10.853 [info] > git for-each-ref --format=%(refname)%00%(upstream:short)%00%(objectname)%00%(upstream:track)%00%(upstream:remotename)%00%(upstream:remoteref) refs/heads/main refs/remotes/main [2ms]
2025-07-24 14:11:10.914 [info] > git status -z -uall [31ms]
2025-07-24 14:11:10.917 [info] > git for-each-ref --sort -committerdate --format %(refname)%00%(objectname)%00%(*objectname) [5ms]
2025-07-24 14:11:15.967 [info] > git config --get commit.template [20ms]
2025-07-24 14:11:15.969 [info] > git for-each-ref --format=%(refname)%00%(upstream:short)%00%(objectname)%00%(upstream:track)%00%(upstream:remotename)%00%(upstream:remoteref) refs/heads/main refs/remotes/main [3ms]
2025-07-24 14:11:16.015 [info] > git status -z -uall [25ms]
2025-07-24 14:11:16.018 [info] > git for-each-ref --sort -committerdate --format %(refname)%00%(objectname)%00%(*objectname) [5ms]
2025-07-24 14:11:21.065 [info] > git config --get commit.template [22ms]
2025-07-24 14:11:21.066 [info] > git for-each-ref --format=%(refname)%00%(upstream:short)%00%(objectname)%00%(upstream:track)%00%(upstream:remotename)%00%(upstream:remoteref) refs/heads/main refs/remotes/main [2ms]
2025-07-24 14:11:21.111 [info] > git status -z -uall [22ms]
2025-07-24 14:11:21.112 [info] > git for-each-ref --sort -committerdate --format %(refname)%00%(objectname)%00%(*objectname) [4ms]
2025-07-24 14:11:26.145 [info] > git config --get commit.template [2ms]
2025-07-24 14:11:26.173 [info] > git for-each-ref --format=%(refname)%00%(upstream:short)%00%(objectname)%00%(upstream:track)%00%(upstream:remotename)%00%(upstream:remoteref) refs/heads/main refs/remotes/main [3ms]
2025-07-24 14:11:26.230 [info] > git status -z -uall [30ms]
2025-07-24 14:11:26.233 [info] > git for-each-ref --sort -committerdate --format %(refname)%00%(objectname)%00%(*objectname) [4ms]
2025-07-24 14:11:32.873 [info] > git config --get commit.template [3ms]
2025-07-24 14:11:32.910 [info] > git for-each-ref --format=%(refname)%00%(upstream:short)%00%(objectname)%00%(upstream:track)%00%(upstream:remotename)%00%(upstream:remoteref) refs/heads/main refs/remotes/main [2ms]
2025-07-24 14:11:32.971 [info] > git status -z -uall [32ms]
2025-07-24 14:11:32.974 [info] > git for-each-ref --sort -committerdate --format %(refname)%00%(objectname)%00%(*objectname) [5ms]
2025-07-24 14:11:38.013 [info] > git config --get commit.template [1ms]
2025-07-24 14:11:38.043 [info] > git for-each-ref --format=%(refname)%00%(upstream:short)%00%(objectname)%00%(upstream:track)%00%(upstream:remotename)%00%(upstream:remoteref) refs/heads/main refs/remotes/main [3ms]
2025-07-24 14:11:38.095 [info] > git status -z -uall [28ms]
2025-07-24 14:11:38.100 [info] > git for-each-ref --sort -committerdate --format %(refname)%00%(objectname)%00%(*objectname) [7ms]
2025-07-24 14:11:43.172 [info] > git config --get commit.template [26ms]
2025-07-24 14:11:43.173 [info] > git for-each-ref --format=%(refname)%00%(upstream:short)%00%(objectname)%00%(upstream:track)%00%(upstream:remotename)%00%(upstream:remoteref) refs/heads/main refs/remotes/main [3ms]
2025-07-24 14:11:43.229 [info] > git status -z -uall [29ms]
2025-07-24 14:11:43.231 [info] > git for-each-ref --sort -committerdate --format %(refname)%00%(objectname)%00%(*objectname) [3ms]
2025-07-24 14:11:48.293 [info] > git config --get commit.template [25ms]
2025-07-24 14:11:48.296 [info] > git for-each-ref --format=%(refname)%00%(upstream:short)%00%(objectname)%00%(upstream:track)%00%(upstream:remotename)%00%(upstream:remoteref) refs/heads/main refs/remotes/main [3ms]
2025-07-24 14:11:48.329 [info] > git status -z -uall [15ms]
2025-07-24 14:11:48.331 [info] > git for-each-ref --sort -committerdate --format %(refname)%00%(objectname)%00%(*objectname) [3ms]
