qt.languageserver.server: Did Setup
Using the build directories found in the .qmlls.ini file. Your build folder might not be found if no .qmlls.ini files are present in the root source folder.
qt.languageserver.server: "Registration of file updates failed, will miss file changes from outside the editor.-32603 Request client/registerCapability failed with message: No feature implementation for workspace.didChangeWatchedFiles found. Registration failed."
[Warn  - 1:55:14 PM] Registration of file updates failed, will miss file changes from outside the editor.-32603 Request client/registerCapability failed with message: No feature implementation for workspace.didChangeWatchedFiles found. Registration failed.
[Dom][Exports] Warning: Failed to find main qmldir file for QtQml 6 in /home/runner/work/_temp/install_dir/qml.
[Dom] Warning: Failed to find main qmldir file for QtQuick  in /home/runner/work/_temp/install_dir/qml.
[Dom] Warning: Failed to find main qmldir file for Quickshell  in /home/runner/work/_temp/install_dir/qml.
[Dom] Warning: Failed to find main qmldir file for Quickshell.Hyprland  in /home/runner/work/_temp/install_dir/qml.
[Dom] Warning: Failed to find main qmldir file for Quickshell.Io  in /home/runner/work/_temp/install_dir/qml.
[Dom] Warning: Failed to find main qmldir file for QtQuick  in /home/runner/work/_temp/install_dir/qml.
[Dom] Warning: Failed to find main qmldir file for QtQuick.Layouts  in /home/runner/work/_temp/install_dir/qml.
[Dom] Warning: Failed to find main qmldir file for QtQuick  in /home/runner/work/_temp/install_dir/qml.
[Dom][Exports] Warning: Failed to find main qmldir file for Time 1 in /home/runner/work/_temp/install_dir/qml.
QFileSystemWatcher::addPaths: list is empty
qt.languageserver.server: Ignoring cancellation of non in progress request QJsonValue(double, 7)
qt.languageserver.server: Ignoring cancellation of non in progress request QJsonValue(double, 8)
QFileSystemWatcher::addPaths: list is empty
[Dom] Warning: Failed to find main qmldir file for Quickshell  in /home/runner/work/_temp/install_dir/qml.
[Dom] Warning: Failed to find main qmldir file for QtQuick  in /home/runner/work/_temp/install_dir/qml.
qt.qmldom: Parsed invalid file /home/khalyl/.config/quickshell/Clock.qml/home/khalyl/.config/quickshell/Clock.qml:3:16: [Dom][QmlFile][Parsing] Error: Expected token `;' for .currentItem

QFileSystemWatcher::addPaths: list is empty
qt.languageserver.server: avoid update of validDoc to  2 of document "file:///home/khalyl/.config/quickshell/Clock.qml" as it is invalid
qt.languageserver.completions: No valid document for completions for  "file:///home/khalyl/.config/quickshell/Clock.qml"
[Dom][Exports] Warning: Failed to find main qmldir file for QtQml 6 in /home/runner/work/_temp/install_dir/qml.
[Dom] Warning: Failed to find main qmldir file for QtQuick  in /home/runner/work/_temp/install_dir/qml.
[Dom][Exports] Warning: Failed to find main qmldir file for Time 1 in /home/runner/work/_temp/install_dir/qml.
QFileSystemWatcher::addPaths: list is empty
qt.qmldom: Parsed invalid file /home/khalyl/.config/quickshell/Clock.qml/home/khalyl/.config/quickshell/Clock.qml:3:16: [Dom][QmlFile][Parsing] Error: Expected token `;' for .currentItem

QFileSystemWatcher::addPaths: list is empty
qt.languageserver.server: avoid update of validDoc to  4 of document "file:///home/khalyl/.config/quickshell/Clock.qml" as it is invalid
qt.languageserver.completions: No valid document for completions for  "file:///home/khalyl/.config/quickshell/Clock.qml"
[Dom][Exports] Warning: Failed to find main qmldir file for QtQml 6 in /home/runner/work/_temp/install_dir/qml.
[Dom] Warning: Failed to find main qmldir file for QtQuick  in /home/runner/work/_temp/install_dir/qml.
[Dom][Exports] Warning: Failed to find main qmldir file for Time 1 in /home/runner/work/_temp/install_dir/qml.
QFileSystemWatcher::addPaths: list is empty
