2025-07-24 13:55:11.265 [info] Reading sessions from keychain...
2025-07-24 13:55:11.265 [info] Getting sessions for all scopes...
2025-07-24 13:55:11.265 [info] Got stored sessions!
2025-07-24 13:55:11.265 [info] Got 1 verified sessions.
2025-07-24 13:55:11.265 [info] Got 1 sessions for ...
2025-07-24 13:55:11.265 [info] Getting sessions for all scopes...
2025-07-24 13:55:11.265 [info] Got 1 sessions for ...
2025-07-24 13:55:11.265 [info] Getting sessions for all scopes...
2025-07-24 13:55:11.265 [info] Got 1 sessions for ...
2025-07-24 13:55:11.265 [info] Getting sessions for all scopes...
2025-07-24 13:55:11.265 [info] Got 1 sessions for ...
2025-07-24 13:55:11.265 [info] Getting sessions for all scopes...
2025-07-24 13:55:11.265 [info] Got 1 sessions for ...
2025-07-24 13:55:11.265 [info] Getting sessions for all scopes...
2025-07-24 13:55:11.265 [info] Got 1 sessions for ...
2025-07-24 13:55:11.265 [info] Getting sessions for all scopes...
2025-07-24 13:55:11.265 [info] Got 1 sessions for ...
2025-07-24 13:55:11.265 [info] Getting sessions for all scopes...
2025-07-24 13:55:11.265 [info] Got 1 sessions for ...
2025-07-24 13:55:11.265 [info] Getting sessions for all scopes...
2025-07-24 13:55:11.265 [info] Got 1 sessions for ...
2025-07-24 13:55:11.265 [info] Getting sessions for all scopes...
2025-07-24 13:55:11.265 [info] Got 1 sessions for ...
2025-07-24 13:55:11.265 [info] Getting sessions for all scopes...
2025-07-24 13:55:11.265 [info] Got 1 sessions for ...
2025-07-24 13:55:11.265 [info] Getting sessions for all scopes...
2025-07-24 13:55:11.265 [info] Got 1 sessions for ...
2025-07-24 13:55:11.265 [info] Getting sessions for all scopes...
2025-07-24 13:55:11.265 [info] Got 1 sessions for ...
2025-07-24 13:55:11.265 [info] Getting sessions for all scopes...
2025-07-24 13:55:11.265 [info] Got 1 sessions for ...
2025-07-24 13:55:11.265 [info] Getting sessions for all scopes...
2025-07-24 13:55:11.265 [info] Got 1 sessions for ...
2025-07-24 13:55:11.265 [info] Getting sessions for all scopes...
2025-07-24 13:55:11.265 [info] Got 1 sessions for ...
2025-07-24 13:55:11.265 [info] Getting sessions for all scopes...
2025-07-24 13:55:11.265 [info] Got 1 sessions for ...
2025-07-24 13:55:11.440 [info] Getting sessions for all scopes...
2025-07-24 13:55:11.440 [info] Got 1 sessions for ...
2025-07-24 13:55:11.478 [info] Getting sessions for read:user,repo,user:email,workflow...
2025-07-24 13:55:11.478 [info] Got 0 sessions for read:user,repo,user:email,workflow...
2025-07-24 13:55:11.604 [info] Getting sessions for user:email...
2025-07-24 13:55:11.604 [info] Got 1 sessions for user:email...
2025-07-24 13:55:11.604 [info] Getting sessions for read:user,repo,user:email,workflow...
2025-07-24 13:55:11.605 [info] Got 0 sessions for read:user,repo,user:email,workflow...
2025-07-24 13:55:11.724 [info] Getting sessions for all scopes...
2025-07-24 13:55:11.725 [info] Got 1 sessions for ...
2025-07-24 13:55:11.727 [info] Getting sessions for all scopes...
2025-07-24 13:55:11.727 [info] Got 1 sessions for ...
2025-07-24 13:55:13.805 [info] Getting sessions for all scopes...
2025-07-24 13:55:13.805 [info] Got 1 sessions for ...
2025-07-24 13:55:13.843 [info] Getting sessions for all scopes...
2025-07-24 13:55:13.843 [info] Got 1 sessions for ...
2025-07-24 13:55:13.846 [info] Getting sessions for all scopes...
2025-07-24 13:55:13.846 [info] Got 1 sessions for ...
2025-07-24 13:55:13.849 [info] Getting sessions for all scopes...
2025-07-24 13:55:13.849 [info] Got 1 sessions for ...
2025-07-24 13:55:13.850 [info] Getting sessions for all scopes...
2025-07-24 13:55:13.850 [info] Got 1 sessions for ...
2025-07-24 13:55:13.913 [info] Getting sessions for all scopes...
2025-07-24 13:55:13.913 [info] Got 1 sessions for ...
2025-07-24 13:55:14.186 [info] Getting sessions for read:user,repo,user:email,workflow...
2025-07-24 13:55:14.186 [info] Got 0 sessions for read:user,repo,user:email,workflow...
2025-07-24 13:55:14.582 [info] Getting sessions for all scopes...
2025-07-24 13:55:14.582 [info] Got 1 sessions for ...
2025-07-24 13:55:14.596 [info] Getting sessions for all scopes...
2025-07-24 13:55:14.596 [info] Got 1 sessions for ...
2025-07-24 13:55:14.623 [info] Getting sessions for read:user,repo,user:email,workflow...
2025-07-24 13:55:14.623 [info] Got 0 sessions for read:user,repo,user:email,workflow...
2025-07-24 13:55:14.623 [info] Getting sessions for user:email...
2025-07-24 13:55:14.623 [info] Got 1 sessions for user:email...
2025-07-24 13:55:14.625 [info] Getting sessions for read:user,repo,user:email,workflow...
2025-07-24 13:55:14.625 [info] Got 0 sessions for read:user,repo,user:email,workflow...
2025-07-24 13:55:14.664 [info] Getting sessions for read:user...
2025-07-24 13:55:14.664 [info] Got 0 sessions for read:user...
2025-07-24 13:55:14.664 [info] Getting sessions for all scopes...
2025-07-24 13:55:14.664 [info] Got 1 sessions for ...
2025-07-24 13:55:14.673 [info] Getting sessions for user:email...
2025-07-24 13:55:14.673 [info] Got 1 sessions for user:email...
2025-07-24 13:55:14.673 [info] Getting sessions for read:user,repo,user:email,workflow...
2025-07-24 13:55:14.674 [info] Got 0 sessions for read:user,repo,user:email,workflow...
2025-07-24 13:55:14.679 [info] Getting sessions for user:email...
2025-07-24 13:55:14.679 [info] Got 1 sessions for user:email...
2025-07-24 13:55:15.253 [info] Getting sessions for all scopes...
2025-07-24 13:55:15.253 [info] Got 1 sessions for ...
2025-07-24 13:55:15.276 [info] Getting sessions for all scopes...
2025-07-24 13:55:15.276 [info] Got 1 sessions for ...
2025-07-24 13:55:15.281 [info] Getting sessions for read:user,repo,user:email,workflow...
2025-07-24 13:55:15.281 [info] Got 0 sessions for read:user,repo,user:email,workflow...
2025-07-24 13:55:15.283 [info] Getting sessions for user:email...
2025-07-24 13:55:15.283 [info] Got 1 sessions for user:email...
2025-07-24 13:55:15.294 [info] Getting sessions for read:user,repo,user:email,workflow...
2025-07-24 13:55:15.294 [info] Got 0 sessions for read:user,repo,user:email,workflow...
2025-07-24 13:55:15.296 [info] Getting sessions for all scopes...
2025-07-24 13:55:15.296 [info] Got 1 sessions for ...
2025-07-24 13:55:15.298 [info] Getting sessions for read:user,repo,user:email,workflow...
2025-07-24 13:55:15.298 [info] Got 0 sessions for read:user,repo,user:email,workflow...
2025-07-24 13:55:15.300 [info] Getting sessions for user:email...
2025-07-24 13:55:15.300 [info] Got 1 sessions for user:email...
2025-07-24 13:55:15.933 [info] Getting sessions for all scopes...
2025-07-24 13:55:15.933 [info] Got 1 sessions for ...
2025-07-24 13:55:15.934 [info] Getting sessions for all scopes...
2025-07-24 13:55:15.934 [info] Got 1 sessions for ...
2025-07-24 13:55:15.954 [info] Getting sessions for read:user,repo,user:email,workflow...
2025-07-24 13:55:15.954 [info] Got 0 sessions for read:user,repo,user:email,workflow...
2025-07-24 13:55:15.956 [info] Getting sessions for user:email...
2025-07-24 13:55:15.956 [info] Got 1 sessions for user:email...
2025-07-24 13:55:15.956 [info] Getting sessions for read:user,repo,user:email,workflow...
2025-07-24 13:55:15.956 [info] Got 0 sessions for read:user,repo,user:email,workflow...
2025-07-24 13:55:15.960 [info] Getting sessions for all scopes...
2025-07-24 13:55:15.960 [info] Got 1 sessions for ...
2025-07-24 13:55:15.961 [info] Getting sessions for read:user,repo,user:email,workflow...
2025-07-24 13:55:15.961 [info] Got 0 sessions for read:user,repo,user:email,workflow...
2025-07-24 13:55:15.963 [info] Getting sessions for user:email...
2025-07-24 13:55:15.963 [info] Got 1 sessions for user:email...
2025-07-24 13:55:16.057 [info] Getting sessions for all scopes...
2025-07-24 13:55:16.057 [info] Got 1 sessions for ...
2025-07-24 13:55:16.063 [info] Getting sessions for all scopes...
2025-07-24 13:55:16.063 [info] Got 1 sessions for ...
2025-07-24 13:55:16.064 [info] Getting sessions for read:user,repo,user:email,workflow...
2025-07-24 13:55:16.064 [info] Got 0 sessions for read:user,repo,user:email,workflow...
2025-07-24 13:55:16.065 [info] Getting sessions for user:email...
2025-07-24 13:55:16.065 [info] Got 1 sessions for user:email...
2025-07-24 13:55:16.066 [info] Getting sessions for read:user,repo,user:email,workflow...
2025-07-24 13:55:16.066 [info] Got 0 sessions for read:user,repo,user:email,workflow...
2025-07-24 13:55:16.069 [info] Getting sessions for all scopes...
2025-07-24 13:55:16.069 [info] Got 1 sessions for ...
2025-07-24 13:55:16.071 [info] Getting sessions for all scopes...
2025-07-24 13:55:16.071 [info] Got 1 sessions for ...
2025-07-24 13:55:16.072 [info] Getting sessions for all scopes...
2025-07-24 13:55:16.072 [info] Got 1 sessions for ...
2025-07-24 13:55:16.074 [info] Getting sessions for read:user,repo,user:email,workflow...
2025-07-24 13:55:16.074 [info] Got 0 sessions for read:user,repo,user:email,workflow...
2025-07-24 13:55:16.075 [info] Getting sessions for user:email...
2025-07-24 13:55:16.075 [info] Got 1 sessions for user:email...
2025-07-24 13:55:16.288 [info] Getting sessions for all scopes...
2025-07-24 13:55:16.288 [info] Got 1 sessions for ...
2025-07-24 13:55:16.289 [info] Getting sessions for read:user,repo,user:email,workflow...
2025-07-24 13:55:16.289 [info] Got 0 sessions for read:user,repo,user:email,workflow...
2025-07-24 13:55:16.290 [info] Getting sessions for user:email...
2025-07-24 13:55:16.290 [info] Got 1 sessions for user:email...
2025-07-24 13:55:16.583 [info] Getting sessions for all scopes...
2025-07-24 13:55:16.583 [info] Got 1 sessions for ...
2025-07-24 13:55:16.585 [info] Getting sessions for read:user,repo,user:email,workflow...
2025-07-24 13:55:16.586 [info] Got 0 sessions for read:user,repo,user:email,workflow...
2025-07-24 13:55:16.588 [info] Getting sessions for user:email...
2025-07-24 13:55:16.588 [info] Got 1 sessions for user:email...
2025-07-24 13:55:17.185 [info] Getting sessions for all scopes...
2025-07-24 13:55:17.185 [info] Got 1 sessions for ...
2025-07-24 13:55:17.474 [info] Getting sessions for all scopes...
2025-07-24 13:55:17.474 [info] Got 1 sessions for ...
2025-07-24 13:55:17.488 [info] Getting sessions for read:user,repo,user:email,workflow...
2025-07-24 13:55:17.488 [info] Got 0 sessions for read:user,repo,user:email,workflow...
2025-07-24 13:55:17.492 [info] Getting sessions for user:email...
2025-07-24 13:55:17.492 [info] Got 1 sessions for user:email...
